[INFO] 15:34:16:5 MiRam1/(4761:4762): Servidor iniciando
[INFO] 15:34:16:5 MiRam1/(4761:4762): Servidor MiRam encendido
[INFO] 15:34:38:905 MiRam1/(4901:4906): Servidor iniciando
[INFO] 15:34:38:905 MiRam1/(4901:4906): Servidor MiRam encendido
[INFO] 15:35:05:120 MiRam1/(4761:4762): Estableciendo conexión desde 64718
[INFO] 15:35:05:121 MiRam1/(4761:4762): Creando hilo
[INFO] 15:35:28:112 MiRam1/(4966:4967): Servidor iniciando
[INFO] 15:35:28:113 MiRam1/(4966:4967): Servidor MiRam encendido
[INFO] 15:37:48:77 MiRam1/(5094:5095): Servidor iniciando
[INFO] 15:37:48:78 MiRam1/(5094:5095): Servidor MiRam encendido
[INFO] 15:37:56:450 MiRam1/(5109:5114): Servidor iniciando
[INFO] 15:37:56:450 MiRam1/(5109:5114): Servidor MiRam encendido
[INFO] 15:38:09:161 MiRam1/(5094:5095): Estableciendo conexión desde 1231
[INFO] 15:38:09:161 MiRam1/(5094:5095): Creando hilo
[INFO] 16:25:44:45 MiRam1/(7250:7251): Servidor iniciando
[INFO] 16:25:44:45 MiRam1/(7250:7251): Servidor MiRam encendido
[INFO] 16:25:53:717 MiRam1/(7250:7251): Estableciendo conexión desde 2767
[INFO] 16:25:53:717 MiRam1/(7250:7251): Creando hilo
[INFO] 16:38:32:602 MiRam1/(7846:7847): Servidor iniciando
[INFO] 16:38:32:603 MiRam1/(7846:7847): Servidor MiRam encendido
[INFO] 16:38:49:686 MiRam1/(7846:7847): Estableciendo conexión desde 4303
[INFO] 16:38:49:694 MiRam1/(7846:7847): Creando hilo
[INFO] 16:39:36:504 MiRam1/(7914:7915): Servidor iniciando
[INFO] 16:39:36:504 MiRam1/(7914:7915): Servidor MiRam encendido
[INFO] 16:39:41:512 MiRam1/(7926:7931): Servidor iniciando
[INFO] 16:39:41:518 MiRam1/(7926:7931): Servidor MiRam encendido
[INFO] 16:40:43:416 MiRam1/(7983:7984): Servidor iniciando
[INFO] 16:40:43:416 MiRam1/(7983:7984): Servidor MiRam encendido
[INFO] 16:40:54:616 MiRam1/(7983:7984): Estableciendo conexión desde 5327
[INFO] 16:40:54:616 MiRam1/(7983:7984): Creando hilo
[INFO] 16:57:24:266 MiRam1/(8755:8756): Servidor iniciando
[INFO] 16:57:24:266 MiRam1/(8755:8756): Servidor MiRam encendido
[INFO] 16:57:31:932 MiRam1/(8755:8756): Estableciendo conexión desde 6863
[INFO] 16:57:31:932 MiRam1/(8755:8756): Creando hilo
[INFO] 17:02:12:140 MiRam1/(9035:9036): Servidor iniciando
[INFO] 17:02:12:140 MiRam1/(9035:9036): Servidor MiRam encendido
[INFO] 17:06:27:574 MiRam1/(9269:9270): Servidor iniciando
[INFO] 17:06:27:575 MiRam1/(9269:9270): Servidor MiRam encendido
[INFO] 17:06:36:576 MiRam1/(9269:9270): Estableciendo conexión desde 9423
[INFO] 17:06:36:576 MiRam1/(9269:9270): Creando hilo
[INFO] 17:08:34:452 MiRam1/(9421:9422): Servidor iniciando
[INFO] 17:08:34:452 MiRam1/(9421:9422): Servidor MiRam encendido
[INFO] 17:08:40:845 MiRam1/(9432:9439): Servidor iniciando
[INFO] 17:08:40:845 MiRam1/(9432:9439): Servidor MiRam encendido
[INFO] 17:08:53:900 MiRam1/(9421:9422): Estableciendo conexión desde 10447
[INFO] 17:08:53:900 MiRam1/(9421:9422): Creando hilo
[INFO] 17:12:15:577 MiRam1/(9678:9679): Servidor iniciando
[INFO] 17:12:15:577 MiRam1/(9678:9679): Servidor MiRam encendido
[INFO] 17:12:28:295 MiRam1/(9678:9679): Estableciendo conexión desde 11471
[INFO] 17:12:28:295 MiRam1/(9678:9679): Creando hilo
[INFO] 17:15:42:989 MiRam1/(9897:9898): Servidor iniciando
[INFO] 17:15:42:989 MiRam1/(9897:9898): Servidor MiRam encendido
[INFO] 17:15:49:444 MiRam1/(9908:9915): Servidor iniciando
[INFO] 17:15:49:444 MiRam1/(9908:9915): Servidor MiRam encendido
[INFO] 17:16:09:814 MiRam1/(9897:9898): Estableciendo conexión desde 12495
[INFO] 17:16:09:814 MiRam1/(9897:9898): Creando hilo
[INFO] 17:20:53:718 MiRam1/(10205:10206): Servidor iniciando
[INFO] 17:20:53:718 MiRam1/(10205:10206): Servidor MiRam encendido
[INFO] 17:21:04:317 MiRam1/(10205:10206): Estableciendo conexión desde 13519
[INFO] 17:21:04:317 MiRam1/(10205:10206): Creando hilo
[INFO] 17:24:54:668 MiRam1/(10424:10425): Servidor iniciando
[INFO] 17:24:54:668 MiRam1/(10424:10425): Servidor MiRam encendido
[INFO] 17:25:49:65 MiRam1/(10424:10425): Estableciendo conexión desde 14543
[INFO] 17:25:49:82 MiRam1/(10424:10425): Creando hilo
[INFO] 18:38:14:537 MiRam1/(13603:13604): Servidor iniciando
[INFO] 18:38:14:537 MiRam1/(13603:13604): Servidor MiRam encendido
[INFO] 18:38:32:288 MiRam1/(13603:13604): Estableciendo conexión desde 17615
[INFO] 18:38:32:289 MiRam1/(13603:13604): Creando hilo
[INFO] 18:42:45:943 MiRam1/(13839:13843): Servidor iniciando
[INFO] 18:42:45:943 MiRam1/(13839:13843): Servidor MiRam encendido
[INFO] 18:42:56:503 MiRam1/(13839:13843): Estableciendo conexión desde 18639
[INFO] 18:42:56:503 MiRam1/(13839:13843): Creando hilo
[INFO] 19:17:27:781 MiRam1/(15491:15492): Servidor iniciando
[INFO] 19:17:27:781 MiRam1/(15491:15492): Servidor MiRam encendido
[INFO] 19:17:40:882 MiRam1/(15514:15520): Servidor iniciando
[INFO] 19:17:40:882 MiRam1/(15514:15520): Servidor MiRam encendido
[INFO] 19:17:59:364 MiRam1/(15491:15492): Estableciendo conexión desde 20175
[INFO] 19:17:59:364 MiRam1/(15491:15492): Creando hilo
[INFO] 19:23:00:722 MiRam1/(15806:15807): Servidor iniciando
[INFO] 19:23:00:722 MiRam1/(15806:15807): Servidor MiRam encendido
[INFO] 19:23:20:206 MiRam1/(15806:15807): Estableciendo conexión desde 21199
[INFO] 19:23:20:206 MiRam1/(15806:15807): Creando hilo
[INFO] 19:27:22:307 MiRam1/(16069:16070): Servidor iniciando
[INFO] 19:27:22:307 MiRam1/(16069:16070): Servidor MiRam encendido
[INFO] 19:27:30:855 MiRam1/(16069:16070): Estableciendo conexión desde 22223
[INFO] 19:27:30:855 MiRam1/(16069:16070): Creando hilo
[INFO] 19:29:31:406 MiRam1/(16207:16208): Servidor iniciando
[INFO] 19:29:31:406 MiRam1/(16207:16208): Servidor MiRam encendido
[INFO] 19:29:41:467 MiRam1/(16207:16208): Estableciendo conexión desde 23759
[INFO] 19:29:41:467 MiRam1/(16207:16208): Creando hilo
[INFO] 23:40:02:579 MiRam1/(26564:26565): Servidor iniciando
[INFO] 23:40:02:579 MiRam1/(26564:26565): Servidor MiRam encendido
[INFO] 23:41:00:689 MiRam1/(26564:26565): Estableciendo conexión desde 28879
[INFO] 23:41:00:714 MiRam1/(26564:26565): Creando hilo
[INFO] 23:41:43:844 MiRam1/(26564:26565): Estableciendo conexión desde 29903
[INFO] 23:41:43:850 MiRam1/(26564:26565): Creando hilo
[INFO] 00:00:34:264 MiRam1/(27546:27547): Servidor iniciando
[INFO] 00:00:34:265 MiRam1/(27546:27547): Servidor MiRam encendido
[INFO] 00:00:47:93 MiRam1/(27562:27568): Servidor iniciando
[INFO] 00:00:48:94 MiRam1/(27562:27568): Servidor MiRam encendido
[INFO] 00:14:10:396 MiRam1/(28144:28145): Servidor iniciando
[INFO] 00:14:10:401 MiRam1/(28144:28145): Servidor MiRam encendido
[INFO] 00:14:48:614 MiRam1/(28144:28145): Estableciendo conexión desde 41679
[INFO] 00:14:48:683 MiRam1/(28144:28145): Creando hilo
[INFO] 00:15:07:38 MiRam1/(28144:28145): Estableciendo conexión desde 42703
[INFO] 00:15:07:38 MiRam1/(28144:28145): Creando hilo
[INFO] 00:16:15:167 MiRam1/(28144:28145): Estableciendo conexión desde 43727
[INFO] 00:16:15:167 MiRam1/(28144:28145): Creando hilo
[INFO] 10:33:52:651 MiRam1/(28230:28231): Servidor iniciando
[INFO] 10:33:52:652 MiRam1/(28230:28231): Servidor MiRam encendido
[INFO] 10:34:06:686 MiRam1/(28230:28231): Estableciendo conexión desde 669
[INFO] 10:34:06:686 MiRam1/(28230:28231): Creando hilo
[INFO] 10:34:16:634 MiRam1/(28230:28231): Estableciendo conexión desde 1693
[INFO] 10:34:16:634 MiRam1/(28230:28231): Creando hilo
[INFO] 10:34:16:640 MiRam1/(28230:28231): Estableciendo conexión desde 2205
[INFO] 10:34:16:640 MiRam1/(28230:28231): Creando hilo
[INFO] 10:34:16:644 MiRam1/(28230:28231): Estableciendo conexión desde 2717
[INFO] 10:34:16:644 MiRam1/(28230:28231): Creando hilo
[INFO] 10:34:16:645 MiRam1/(28230:28231): Estableciendo conexión desde 3229
[INFO] 10:34:16:645 MiRam1/(28230:28231): Creando hilo
[INFO] 10:34:16:645 MiRam1/(28230:28231): Estableciendo conexión desde 3741
[INFO] 10:34:16:645 MiRam1/(28230:28231): Creando hilo
[INFO] 10:35:18:674 MiRam1/(28322:28323): Servidor iniciando
[INFO] 10:35:18:674 MiRam1/(28322:28323): Servidor MiRam encendido
[INFO] 10:35:23:732 MiRam1/(28322:28323): Estableciendo conexión desde 4253
[INFO] 10:35:23:733 MiRam1/(28322:28323): Creando hilo
[INFO] 10:35:29:511 MiRam1/(28322:28323): Estableciendo conexión desde 5277
[INFO] 10:35:29:511 MiRam1/(28322:28323): Creando hilo
[INFO] 10:35:29:512 MiRam1/(28322:28323): Estableciendo conexión desde 5789
[INFO] 10:35:29:512 MiRam1/(28322:28323): Creando hilo
[INFO] 10:35:29:515 MiRam1/(28322:28323): Estableciendo conexión desde 6301
[INFO] 10:35:29:515 MiRam1/(28322:28323): Creando hilo
[INFO] 10:35:29:519 MiRam1/(28322:28323): Estableciendo conexión desde 6813
[INFO] 10:35:29:519 MiRam1/(28322:28323): Creando hilo
[INFO] 10:35:29:519 MiRam1/(28322:28323): Estableciendo conexión desde 7325
[INFO] 10:35:29:519 MiRam1/(28322:28323): Creando hilo
[INFO] 10:37:27:200 MiRam1/(28386:28387): Servidor iniciando
[INFO] 10:37:27:201 MiRam1/(28386:28387): Servidor MiRam encendido
[INFO] 10:38:42:532 MiRam1/(28436:28437): Servidor iniciando
[INFO] 10:38:42:533 MiRam1/(28436:28437): Servidor MiRam encendido
[INFO] 10:38:50:138 MiRam1/(28436:28437): Estableciendo conexión desde 9885
[INFO] 10:38:50:139 MiRam1/(28436:28437): Creando hilo
[INFO] 10:40:47:564 MiRam1/(28482:28483): Servidor iniciando
[INFO] 10:40:47:564 MiRam1/(28482:28483): Servidor MiRam encendido
[INFO] 10:40:53:093 MiRam1/(28482:28483): Estableciendo conexión desde 11421
[INFO] 10:40:53:093 MiRam1/(28482:28483): Creando hilo
[INFO] 10:41:37:660 MiRam1/(28521:28522): Servidor iniciando
[INFO] 10:41:37:660 MiRam1/(28521:28522): Servidor MiRam encendido
[INFO] 10:41:43:269 MiRam1/(28521:28522): Estableciendo conexión desde 12445
[INFO] 10:41:43:269 MiRam1/(28521:28522): Creando hilo
[INFO] 10:44:15:262 MiRam1/(28582:28583): Servidor iniciando
[INFO] 10:44:15:262 MiRam1/(28582:28583): Servidor MiRam encendido
[INFO] 10:44:32:790 MiRam1/(28582:28583): Estableciendo conexión desde 14493
[INFO] 10:44:32:790 MiRam1/(28582:28583): Creando hilo
[INFO] 10:44:37:796 MiRam1/(28582:28583): Estableciendo conexión desde 15517
[INFO] 10:44:37:796 MiRam1/(28582:28583): Creando hilo
[INFO] 10:44:37:800 MiRam1/(28582:28583): Estableciendo conexión desde 16029
[INFO] 10:44:37:800 MiRam1/(28582:28583): Creando hilo
[INFO] 10:44:37:800 MiRam1/(28582:28583): Estableciendo conexión desde 16541
[INFO] 10:44:37:800 MiRam1/(28582:28583): Creando hilo
[INFO] 10:44:37:804 MiRam1/(28582:28583): Estableciendo conexión desde 17053
[INFO] 10:44:37:804 MiRam1/(28582:28583): Creando hilo
[INFO] 10:44:37:804 MiRam1/(28582:28583): Estableciendo conexión desde 17565
[INFO] 10:44:37:804 MiRam1/(28582:28583): Creando hilo
[INFO] 10:47:09:490 MiRam1/(28670:28671): Servidor iniciando
[INFO] 10:47:09:490 MiRam1/(28670:28671): Servidor MiRam encendido
[INFO] 10:47:14:762 MiRam1/(28670:28671): Estableciendo conexión desde 18589
[INFO] 10:47:14:763 MiRam1/(28670:28671): Creando hilo
[INFO] 10:47:22:021 MiRam1/(28670:28671): Estableciendo conexión desde 19613
[INFO] 10:47:22:021 MiRam1/(28670:28671): Creando hilo
[INFO] 10:47:22:027 MiRam1/(28670:28671): Estableciendo conexión desde 20125
[INFO] 10:47:22:027 MiRam1/(28670:28671): Creando hilo
[INFO] 10:47:22:028 MiRam1/(28670:28671): Estableciendo conexión desde 20637
[INFO] 10:47:22:028 MiRam1/(28670:28671): Creando hilo
[INFO] 10:47:22:028 MiRam1/(28670:28671): Estableciendo conexión desde 21149
[INFO] 10:47:22:028 MiRam1/(28670:28671): Creando hilo
[INFO] 10:47:22:029 MiRam1/(28670:28671): Estableciendo conexión desde 21661
[INFO] 10:47:22:029 MiRam1/(28670:28671): Creando hilo
[INFO] 10:48:29:662 MiRam1/(28704:28705): Servidor iniciando
[INFO] 10:48:29:662 MiRam1/(28704:28705): Servidor MiRam encendido
[INFO] 10:48:33:946 MiRam1/(28704:28705): Estableciendo conexión desde 22685
[INFO] 10:48:33:947 MiRam1/(28704:28705): Creando hilo
[INFO] 10:48:37:930 MiRam1/(28704:28705): Estableciendo conexión desde 23709
[INFO] 10:48:37:931 MiRam1/(28704:28705): Creando hilo
[INFO] 10:48:37:931 MiRam1/(28704:28705): Estableciendo conexión desde 24221
[INFO] 10:48:37:931 MiRam1/(28704:28705): Creando hilo
[INFO] 10:48:37:932 MiRam1/(28704:28705): Estableciendo conexión desde 24733
[INFO] 10:48:37:932 MiRam1/(28704:28705): Creando hilo
[INFO] 10:48:37:932 MiRam1/(28704:28705): Estableciendo conexión desde 25245
[INFO] 10:48:37:932 MiRam1/(28704:28705): Creando hilo
[INFO] 10:48:37:932 MiRam1/(28704:28705): Estableciendo conexión desde 25757
[INFO] 10:48:37:932 MiRam1/(28704:28705): Creando hilo
[INFO] 10:53:54:478 MiRam1/(28782:28783): Servidor iniciando
[INFO] 10:53:54:478 MiRam1/(28782:28783): Servidor MiRam encendido
[INFO] 10:53:58:167 MiRam1/(28782:28783): Estableciendo conexión desde 27293
[INFO] 10:53:58:171 MiRam1/(28782:28783): Creando hilo
[INFO] 10:54:02:842 MiRam1/(28782:28783): Estableciendo conexión desde 28829
[INFO] 10:54:02:842 MiRam1/(28782:28783): Creando hilo
[INFO] 10:54:02:847 MiRam1/(28782:28783): Estableciendo conexión desde 29341
[INFO] 10:54:02:847 MiRam1/(28782:28783): Creando hilo
[INFO] 10:54:02:847 MiRam1/(28782:28783): Estableciendo conexión desde 29853
[INFO] 10:54:02:847 MiRam1/(28782:28783): Creando hilo
[INFO] 10:54:02:848 MiRam1/(28782:28783): Estableciendo conexión desde 30365
[INFO] 10:54:02:848 MiRam1/(28782:28783): Creando hilo
[INFO] 10:54:02:848 MiRam1/(28782:28783): Estableciendo conexión desde 30877
[INFO] 10:54:02:848 MiRam1/(28782:28783): Creando hilo
[INFO] 10:54:38:631 MiRam1/(28820:28821): Servidor iniciando
[INFO] 10:54:38:632 MiRam1/(28820:28821): Servidor MiRam encendido
[INFO] 10:55:26:264 MiRam1/(28847:28848): Servidor iniciando
[INFO] 10:55:26:264 MiRam1/(28847:28848): Servidor MiRam encendido
[INFO] 10:55:46:337 MiRam1/(28881:28882): Servidor iniciando
[INFO] 10:55:46:337 MiRam1/(28881:28882): Servidor MiRam encendido
[INFO] 10:55:51:786 MiRam1/(28881:28882): Estableciendo conexión desde 32413
[INFO] 10:55:51:787 MiRam1/(28881:28882): Creando hilo
[INFO] 10:55:56:798 MiRam1/(28881:28882): Estableciendo conexión desde 33437
[INFO] 10:55:56:798 MiRam1/(28881:28882): Creando hilo
[INFO] 10:55:56:804 MiRam1/(28881:28882): Estableciendo conexión desde 33949
[INFO] 10:55:56:804 MiRam1/(28881:28882): Creando hilo
[INFO] 10:55:56:807 MiRam1/(28881:28882): Estableciendo conexión desde 34461
[INFO] 10:55:56:807 MiRam1/(28881:28882): Creando hilo
[INFO] 10:55:56:811 MiRam1/(28881:28882): Estableciendo conexión desde 34973
[INFO] 10:55:56:811 MiRam1/(28881:28882): Creando hilo
[INFO] 10:55:56:811 MiRam1/(28881:28882): Estableciendo conexión desde 35485
[INFO] 10:55:56:811 MiRam1/(28881:28882): Creando hilo
[INFO] 10:58:40:395 MiRam1/(28930:28931): Servidor iniciando
[INFO] 10:58:40:396 MiRam1/(28930:28931): Servidor MiRam encendido
[INFO] 10:58:46:618 MiRam1/(28930:28931): Estableciendo conexión desde 37021
[INFO] 10:58:46:620 MiRam1/(28930:28931): Creando hilo
[INFO] 10:58:54:119 MiRam1/(28930:28931): Estableciendo conexión desde 38045
[INFO] 10:58:54:119 MiRam1/(28930:28931): Creando hilo
[INFO] 10:58:54:120 MiRam1/(28930:28931): Estableciendo conexión desde 38557
[INFO] 10:58:54:120 MiRam1/(28930:28931): Creando hilo
[INFO] 10:58:54:120 MiRam1/(28930:28931): Estableciendo conexión desde 39069
[INFO] 10:58:54:120 MiRam1/(28930:28931): Creando hilo
[INFO] 10:58:54:123 MiRam1/(28930:28931): Estableciendo conexión desde 39581
[INFO] 10:58:54:123 MiRam1/(28930:28931): Creando hilo
[INFO] 10:58:54:124 MiRam1/(28930:28931): Estableciendo conexión desde 40093
[INFO] 10:58:54:124 MiRam1/(28930:28931): Creando hilo
[INFO] 11:04:45:106 MiRam1/(29005:29006): Servidor iniciando
[INFO] 11:04:45:106 MiRam1/(29005:29006): Servidor MiRam encendido
[INFO] 11:04:51:894 MiRam1/(29005:29006): Estableciendo conexión desde 42653
[INFO] 11:04:51:895 MiRam1/(29005:29006): Creando hilo
[INFO] 11:05:06:637 MiRam1/(29005:29006): Estableciendo conexión desde 43677
[INFO] 11:05:06:637 MiRam1/(29005:29006): Creando hilo
[INFO] 11:05:06:643 MiRam1/(29005:29006): Estableciendo conexión desde 44189
[INFO] 11:05:06:643 MiRam1/(29005:29006): Creando hilo
[INFO] 11:05:06:645 MiRam1/(29005:29006): Estableciendo conexión desde 44701
[INFO] 11:05:06:645 MiRam1/(29005:29006): Creando hilo
[INFO] 11:05:06:645 MiRam1/(29005:29006): Estableciendo conexión desde 45213
[INFO] 11:05:06:645 MiRam1/(29005:29006): Creando hilo
[INFO] 11:05:06:646 MiRam1/(29005:29006): Estableciendo conexión desde 45725
[INFO] 11:05:06:646 MiRam1/(29005:29006): Creando hilo
[INFO] 11:10:11:087 MiRam1/(29133:29134): Servidor iniciando
[INFO] 11:10:11:088 MiRam1/(29133:29134): Servidor MiRam encendido
[INFO] 11:10:17:545 MiRam1/(29133:29134): Estableciendo conexión desde 48285
[INFO] 11:10:17:546 MiRam1/(29133:29134): Creando hilo
[INFO] 11:10:53:475 MiRam1/(29133:29134): Estableciendo conexión desde 49309
[INFO] 11:10:53:476 MiRam1/(29133:29134): Creando hilo
[INFO] 11:10:53:477 MiRam1/(29133:29134): Estableciendo conexión desde 49821
[INFO] 11:10:53:477 MiRam1/(29133:29134): Creando hilo
[INFO] 11:10:53:478 MiRam1/(29133:29134): Estableciendo conexión desde 50333
[INFO] 11:10:53:478 MiRam1/(29133:29134): Creando hilo
[INFO] 11:10:53:478 MiRam1/(29133:29134): Estableciendo conexión desde 50845
[INFO] 11:10:53:478 MiRam1/(29133:29134): Creando hilo
[INFO] 11:10:53:479 MiRam1/(29133:29134): Estableciendo conexión desde 51357
[INFO] 11:10:53:479 MiRam1/(29133:29134): Creando hilo
[INFO] 11:16:43:184 MiRam1/(29222:29223): Servidor iniciando
[INFO] 11:16:43:185 MiRam1/(29222:29223): Servidor MiRam encendido
[INFO] 11:16:48:088 MiRam1/(29222:29223): Estableciendo conexión desde 53917
[INFO] 11:16:48:088 MiRam1/(29222:29223): Creando hilo
[INFO] 11:17:07:460 MiRam1/(29261:29262): Servidor iniciando
[INFO] 11:17:07:461 MiRam1/(29261:29262): Servidor MiRam encendido
[INFO] 11:17:14:583 MiRam1/(29261:29262): Estableciendo conexión desde 54941
[INFO] 11:17:14:584 MiRam1/(29261:29262): Creando hilo
[INFO] 11:25:56:007 MiRam1/(29369:29370): Servidor iniciando
[INFO] 11:25:56:008 MiRam1/(29369:29370): Servidor MiRam encendido
[INFO] 11:26:04:300 MiRam1/(29369:29370): Estableciendo conexión desde 58525
[INFO] 11:26:04:300 MiRam1/(29369:29370): Creando hilo
[INFO] 11:26:09:453 MiRam1/(29369:29370): Estableciendo conexión desde 59549
[INFO] 11:26:09:453 MiRam1/(29369:29370): Creando hilo
[INFO] 11:26:09:455 MiRam1/(29369:29370): Estableciendo conexión desde 60061
[INFO] 11:26:09:455 MiRam1/(29369:29370): Creando hilo
[INFO] 11:26:09:456 MiRam1/(29369:29370): Estableciendo conexión desde 60573
[INFO] 11:26:09:456 MiRam1/(29369:29370): Creando hilo
[INFO] 11:26:09:463 MiRam1/(29369:29370): Estableciendo conexión desde 61085
[INFO] 11:26:09:463 MiRam1/(29369:29370): Creando hilo
[INFO] 11:26:09:464 MiRam1/(29369:29370): Estableciendo conexión desde 61597
[INFO] 11:26:09:464 MiRam1/(29369:29370): Creando hilo
[INFO] 11:27:17:749 MiRam1/(29419:29420): Servidor iniciando
[INFO] 11:27:17:749 MiRam1/(29419:29420): Servidor MiRam encendido
[INFO] 11:28:04:445 MiRam1/(29446:29447): Servidor iniciando
[INFO] 11:28:04:451 MiRam1/(29446:29447): Servidor MiRam encendido
[INFO] 11:28:28:185 MiRam1/(29475:29476): Servidor iniciando
[INFO] 11:28:28:185 MiRam1/(29475:29476): Servidor MiRam encendido
[INFO] 11:28:35:651 MiRam1/(29475:29476): Estableciendo conexión desde 65181
[INFO] 11:28:35:653 MiRam1/(29475:29476): Creando hilo
[INFO] 11:28:43:584 MiRam1/(29475:29476): Estableciendo conexión desde 670
[INFO] 11:28:43:584 MiRam1/(29475:29476): Creando hilo
[INFO] 11:28:43:587 MiRam1/(29475:29476): Estableciendo conexión desde 1182
[INFO] 11:28:43:587 MiRam1/(29475:29476): Creando hilo
[INFO] 11:28:43:588 MiRam1/(29475:29476): Estableciendo conexión desde 1694
[INFO] 11:28:43:588 MiRam1/(29475:29476): Creando hilo
[INFO] 11:28:43:591 MiRam1/(29475:29476): Estableciendo conexión desde 2206
[INFO] 11:28:43:591 MiRam1/(29475:29476): Creando hilo
[INFO] 11:28:43:591 MiRam1/(29475:29476): Estableciendo conexión desde 2718
[INFO] 11:28:43:591 MiRam1/(29475:29476): Creando hilo
[INFO] 11:32:49:631 MiRam1/(29544:29545): Servidor iniciando
[INFO] 11:32:49:632 MiRam1/(29544:29545): Servidor MiRam encendido
[INFO] 11:32:55:198 MiRam1/(29544:29545): Estableciendo conexión desde 4766
[INFO] 11:32:55:198 MiRam1/(29544:29545): Creando hilo
[INFO] 11:33:03:234 MiRam1/(29544:29545): Estableciendo conexión desde 5790
[INFO] 11:33:03:235 MiRam1/(29544:29545): Creando hilo
[INFO] 11:33:03:240 MiRam1/(29544:29545): Estableciendo conexión desde 6302
[INFO] 11:33:03:240 MiRam1/(29544:29545): Creando hilo
[INFO] 11:33:03:240 MiRam1/(29544:29545): Estableciendo conexión desde 6814
[INFO] 11:33:03:240 MiRam1/(29544:29545): Creando hilo
[INFO] 11:33:03:241 MiRam1/(29544:29545): Estableciendo conexión desde 7326
[INFO] 11:33:03:241 MiRam1/(29544:29545): Creando hilo
[INFO] 11:33:03:241 MiRam1/(29544:29545): Estableciendo conexión desde 7838
[INFO] 11:33:03:241 MiRam1/(29544:29545): Creando hilo
[INFO] 11:38:14:912 MiRam1/(29682:29683): Servidor iniciando
[INFO] 11:38:14:913 MiRam1/(29682:29683): Servidor MiRam encendido
[INFO] 11:38:20:868 MiRam1/(29692:29693): Servidor iniciando
[INFO] 11:38:20:868 MiRam1/(29692:29693): Servidor MiRam encendido
[INFO] 11:38:27:723 MiRam1/(29692:29693): Estableciendo conexión desde 10398
[INFO] 11:38:27:724 MiRam1/(29692:29693): Creando hilo
[INFO] 11:38:36:235 MiRam1/(29692:29693): Estableciendo conexión desde 11422
[INFO] 11:38:36:236 MiRam1/(29692:29693): Creando hilo
[INFO] 11:38:36:240 MiRam1/(29692:29693): Estableciendo conexión desde 11934
[INFO] 11:38:36:240 MiRam1/(29692:29693): Creando hilo
[INFO] 11:38:36:241 MiRam1/(29692:29693): Estableciendo conexión desde 12446
[INFO] 11:38:36:241 MiRam1/(29692:29693): Creando hilo
[INFO] 11:38:36:243 MiRam1/(29692:29693): Estableciendo conexión desde 12958
[INFO] 11:38:36:244 MiRam1/(29692:29693): Creando hilo
[INFO] 11:38:36:245 MiRam1/(29692:29693): Estableciendo conexión desde 13470
[INFO] 11:38:36:245 MiRam1/(29692:29693): Creando hilo
[INFO] 11:48:15:056 MiRam1/(29838:29839): Servidor iniciando
[INFO] 11:48:15:057 MiRam1/(29838:29839): Servidor MiRam encendido
[INFO] 11:48:22:320 MiRam1/(29838:29839): Estableciendo conexión desde 17054
[INFO] 11:48:22:322 MiRam1/(29838:29839): Creando hilo
[INFO] 11:48:31:310 MiRam1/(29838:29839): Estableciendo conexión desde 18078
[INFO] 11:48:31:310 MiRam1/(29838:29839): Creando hilo
[INFO] 11:48:31:315 MiRam1/(29838:29839): Estableciendo conexión desde 18590
[INFO] 11:48:31:315 MiRam1/(29838:29839): Creando hilo
[INFO] 11:48:31:316 MiRam1/(29838:29839): Estableciendo conexión desde 19102
[INFO] 11:48:31:316 MiRam1/(29838:29839): Creando hilo
[INFO] 11:48:31:316 MiRam1/(29838:29839): Estableciendo conexión desde 19614
[INFO] 11:48:31:316 MiRam1/(29838:29839): Creando hilo
[INFO] 11:48:31:317 MiRam1/(29838:29839): Estableciendo conexión desde 20126
[INFO] 11:48:31:317 MiRam1/(29838:29839): Creando hilo
[INFO] 11:56:41:445 MiRam1/(29961:29962): Servidor iniciando
[INFO] 11:56:41:446 MiRam1/(29961:29962): Servidor MiRam encendido
[INFO] 11:56:45:860 MiRam1/(29971:29972): Servidor iniciando
[INFO] 11:56:45:861 MiRam1/(29971:29972): Servidor MiRam encendido
[INFO] 11:56:52:500 MiRam1/(29971:29972): Estableciendo conexión desde 23198
[INFO] 11:56:52:501 MiRam1/(29971:29972): Creando hilo
[INFO] 11:57:02:227 MiRam1/(29971:29972): Estableciendo conexión desde 24222
[INFO] 11:57:02:227 MiRam1/(29971:29972): Creando hilo
[INFO] 11:57:02:231 MiRam1/(29971:29972): Estableciendo conexión desde 24734
[INFO] 11:57:02:231 MiRam1/(29971:29972): Creando hilo
[INFO] 11:57:02:237 MiRam1/(29971:29972): Estableciendo conexión desde 25246
[INFO] 11:57:02:237 MiRam1/(29971:29972): Creando hilo
[INFO] 11:57:02:239 MiRam1/(29971:29972): Estableciendo conexión desde 25758
[INFO] 11:57:02:239 MiRam1/(29971:29972): Creando hilo
[INFO] 11:57:02:240 MiRam1/(29971:29972): Estableciendo conexión desde 26270
[INFO] 11:57:02:240 MiRam1/(29971:29972): Creando hilo
[INFO] 11:58:19:035 MiRam1/(30028:30029): Servidor iniciando
[INFO] 11:58:19:035 MiRam1/(30028:30029): Servidor MiRam encendido
[INFO] 11:58:43:289 MiRam1/(30059:30060): Servidor iniciando
[INFO] 11:58:43:292 MiRam1/(30059:30060): Servidor MiRam encendido
[INFO] 11:58:55:862 MiRam1/(30077:30078): Servidor iniciando
[INFO] 11:58:55:868 MiRam1/(30077:30078): Servidor MiRam encendido
[INFO] 11:59:23:203 MiRam1/(30118:30119): Servidor iniciando
[INFO] 11:59:23:203 MiRam1/(30118:30119): Servidor MiRam encendido
[INFO] 11:59:31:744 MiRam1/(30118:30119): Estableciendo conexión desde 30878
[INFO] 11:59:31:744 MiRam1/(30118:30119): Creando hilo
[INFO] 11:59:39:415 MiRam1/(30118:30119): Estableciendo conexión desde 31902
[INFO] 11:59:39:415 MiRam1/(30118:30119): Creando hilo
[INFO] 11:59:39:419 MiRam1/(30118:30119): Estableciendo conexión desde 32414
[INFO] 11:59:39:419 MiRam1/(30118:30119): Creando hilo
[INFO] 11:59:39:420 MiRam1/(30118:30119): Estableciendo conexión desde 32926
[INFO] 11:59:39:420 MiRam1/(30118:30119): Creando hilo
[INFO] 11:59:39:420 MiRam1/(30118:30119): Estableciendo conexión desde 33438
[INFO] 11:59:39:420 MiRam1/(30118:30119): Creando hilo
[INFO] 11:59:39:420 MiRam1/(30118:30119): Estableciendo conexión desde 33950
[INFO] 11:59:39:420 MiRam1/(30118:30119): Creando hilo
[INFO] 12:00:36:734 MiRam1/(30158:30159): Servidor iniciando
[INFO] 12:00:36:734 MiRam1/(30158:30159): Servidor MiRam encendido
[INFO] 12:00:58:614 MiRam1/(30184:30185): Servidor iniciando
[INFO] 12:00:58:615 MiRam1/(30184:30185): Servidor MiRam encendido
[INFO] 12:01:20:262 MiRam1/(30217:30218): Servidor iniciando
[INFO] 12:01:20:273 MiRam1/(30217:30218): Servidor MiRam encendido
[INFO] 12:01:36:406 MiRam1/(30234:30235): Servidor iniciando
[INFO] 12:01:36:407 MiRam1/(30234:30235): Servidor MiRam encendido
[INFO] 12:01:41:318 MiRam1/(30234:30235): Estableciendo conexión desde 38558
[INFO] 12:01:41:318 MiRam1/(30234:30235): Creando hilo
[INFO] 12:01:49:899 MiRam1/(30234:30235): Estableciendo conexión desde 39582
[INFO] 12:01:49:899 MiRam1/(30234:30235): Creando hilo
[INFO] 12:01:49:900 MiRam1/(30234:30235): Estableciendo conexión desde 40094
[INFO] 12:01:49:900 MiRam1/(30234:30235): Creando hilo
[INFO] 12:01:49:902 MiRam1/(30234:30235): Estableciendo conexión desde 40606
[INFO] 12:01:49:902 MiRam1/(30234:30235): Creando hilo
[INFO] 12:01:49:902 MiRam1/(30234:30235): Estableciendo conexión desde 41118
[INFO] 12:01:49:902 MiRam1/(30234:30235): Creando hilo
[INFO] 12:01:49:902 MiRam1/(30234:30235): Estableciendo conexión desde 41630
[INFO] 12:01:49:903 MiRam1/(30234:30235): Creando hilo
[INFO] 12:04:52:921 MiRam1/(30376:30377): Servidor iniciando
[INFO] 12:04:52:922 MiRam1/(30376:30377): Servidor MiRam encendido
[INFO] 12:05:00:456 MiRam1/(30376:30377): Estableciendo conexión desde 45726
[INFO] 12:05:00:456 MiRam1/(30376:30377): Creando hilo
[INFO] 12:05:07:999 MiRam1/(30376:30377): Estableciendo conexión desde 46750
[INFO] 12:05:08:000 MiRam1/(30376:30377): Creando hilo
[INFO] 12:05:08:002 MiRam1/(30376:30377): Estableciendo conexión desde 47262
[INFO] 12:05:08:002 MiRam1/(30376:30377): Creando hilo
[INFO] 12:05:08:004 MiRam1/(30376:30377): Estableciendo conexión desde 47774
[INFO] 12:05:08:004 MiRam1/(30376:30377): Creando hilo
[INFO] 12:05:08:005 MiRam1/(30376:30377): Estableciendo conexión desde 48286
[INFO] 12:05:08:005 MiRam1/(30376:30377): Creando hilo
[INFO] 12:05:08:006 MiRam1/(30376:30377): Estableciendo conexión desde 48798
[INFO] 12:05:08:006 MiRam1/(30376:30377): Creando hilo
[INFO] 12:07:54:980 MiRam1/(30483:30484): Servidor iniciando
[INFO] 12:07:54:981 MiRam1/(30483:30484): Servidor MiRam encendido
[INFO] 12:08:10:358 MiRam1/(30519:30520): Servidor iniciando
[INFO] 12:08:10:358 MiRam1/(30519:30520): Servidor MiRam encendido
[INFO] 12:08:18:925 MiRam1/(30519:30520): Estableciendo conexión desde 51870
[INFO] 12:08:18:925 MiRam1/(30519:30520): Creando hilo
[INFO] 12:08:26:759 MiRam1/(30519:30520): Estableciendo conexión desde 52894
[INFO] 12:08:26:759 MiRam1/(30519:30520): Creando hilo
[INFO] 12:08:26:763 MiRam1/(30519:30520): Estableciendo conexión desde 53406
[INFO] 12:08:26:763 MiRam1/(30519:30520): Creando hilo
[INFO] 12:08:26:764 MiRam1/(30519:30520): Estableciendo conexión desde 53918
[INFO] 12:08:26:764 MiRam1/(30519:30520): Creando hilo
[INFO] 12:08:26:769 MiRam1/(30519:30520): Estableciendo conexión desde 54430
[INFO] 12:08:26:769 MiRam1/(30519:30520): Creando hilo
[INFO] 12:08:26:769 MiRam1/(30519:30520): Estableciendo conexión desde 54942
[INFO] 12:08:26:769 MiRam1/(30519:30520): Creando hilo
[INFO] 12:12:21:407 MiRam1/(30593:30594): Servidor iniciando
[INFO] 12:12:21:407 MiRam1/(30593:30594): Servidor MiRam encendido
[INFO] 12:12:25:432 MiRam1/(30593:30594): Estableciendo conexión desde 56990
[INFO] 12:12:25:432 MiRam1/(30593:30594): Creando hilo
[INFO] 12:12:29:878 MiRam1/(30593:30594): Estableciendo conexión desde 58014
[INFO] 12:12:29:879 MiRam1/(30593:30594): Creando hilo
[INFO] 12:12:29:883 MiRam1/(30593:30594): Estableciendo conexión desde 58526
[INFO] 12:12:29:883 MiRam1/(30593:30594): Creando hilo
[INFO] 12:12:29:888 MiRam1/(30593:30594): Estableciendo conexión desde 59038
[INFO] 12:12:29:888 MiRam1/(30593:30594): Creando hilo
[INFO] 12:12:29:889 MiRam1/(30593:30594): Estableciendo conexión desde 59550
[INFO] 12:12:29:889 MiRam1/(30593:30594): Creando hilo
[INFO] 12:12:29:889 MiRam1/(30593:30594): Estableciendo conexión desde 60062
[INFO] 12:12:29:889 MiRam1/(30593:30594): Creando hilo
[INFO] 12:15:41:983 MiRam1/(30654:30655): Servidor iniciando
[INFO] 12:15:41:984 MiRam1/(30654:30655): Servidor MiRam encendido
[INFO] 12:15:47:484 MiRam1/(30664:30665): Servidor iniciando
[INFO] 12:15:47:484 MiRam1/(30664:30665): Servidor MiRam encendido
[INFO] 12:16:03:459 MiRam1/(30693:30694): Servidor iniciando
[INFO] 12:16:03:459 MiRam1/(30693:30694): Servidor MiRam encendido
[INFO] 12:16:09:605 MiRam1/(30693:30694): Estableciendo conexión desde 63134
[INFO] 12:16:09:605 MiRam1/(30693:30694): Creando hilo
[INFO] 12:16:14:515 MiRam1/(30693:30694): Estableciendo conexión desde 64158
[INFO] 12:16:14:516 MiRam1/(30693:30694): Creando hilo
[INFO] 12:16:14:517 MiRam1/(30693:30694): Estableciendo conexión desde 64670
[INFO] 12:16:14:517 MiRam1/(30693:30694): Creando hilo
[INFO] 12:16:14:517 MiRam1/(30693:30694): Estableciendo conexión desde 65182
[INFO] 12:16:14:517 MiRam1/(30693:30694): Creando hilo
[INFO] 12:16:14:519 MiRam1/(30693:30694): Estableciendo conexión desde 159
[INFO] 12:16:14:519 MiRam1/(30693:30694): Creando hilo
[INFO] 12:16:14:519 MiRam1/(30693:30694): Estableciendo conexión desde 671
[INFO] 12:16:14:519 MiRam1/(30693:30694): Creando hilo
[INFO] 12:17:29:590 MiRam1/(30745:30746): Servidor iniciando
[INFO] 12:17:29:590 MiRam1/(30745:30746): Servidor MiRam encendido
[INFO] 12:17:41:590 MiRam1/(30761:30762): Servidor iniciando
[INFO] 12:17:41:590 MiRam1/(30761:30762): Servidor MiRam encendido
[INFO] 12:18:01:639 MiRam1/(30797:30798): Servidor iniciando
[INFO] 12:18:01:639 MiRam1/(30797:30798): Servidor MiRam encendido
[INFO] 12:19:16:520 MiRam1/(30832:30833): Servidor iniciando
[INFO] 12:19:16:520 MiRam1/(30832:30833): Servidor MiRam encendido
[INFO] 12:19:27:051 MiRam1/(30832:30833): Estableciendo conexión desde 5279
[INFO] 12:19:27:051 MiRam1/(30832:30833): Creando hilo
[INFO] 12:19:32:072 MiRam1/(30832:30833): Estableciendo conexión desde 6303
[INFO] 12:19:32:072 MiRam1/(30832:30833): Creando hilo
[INFO] 12:19:32:075 MiRam1/(30832:30833): Estableciendo conexión desde 6815
[INFO] 12:19:32:075 MiRam1/(30832:30833): Creando hilo
[INFO] 12:19:32:076 MiRam1/(30832:30833): Estableciendo conexión desde 7327
[INFO] 12:19:32:076 MiRam1/(30832:30833): Creando hilo
[INFO] 12:19:32:079 MiRam1/(30832:30833): Estableciendo conexión desde 7839
[INFO] 12:19:32:079 MiRam1/(30832:30833): Creando hilo
[INFO] 12:19:32:079 MiRam1/(30832:30833): Estableciendo conexión desde 8351
[INFO] 12:19:32:079 MiRam1/(30832:30833): Creando hilo
[INFO] 12:21:50:901 MiRam1/(30914:30915): Servidor iniciando
[INFO] 12:21:50:901 MiRam1/(30914:30915): Servidor MiRam encendido
[INFO] 12:21:56:129 MiRam1/(30914:30915): Estableciendo conexión desde 9887
[INFO] 12:21:56:130 MiRam1/(30914:30915): Creando hilo
[INFO] 12:24:28:462 MiRam1/(30982:30983): Servidor iniciando
[INFO] 12:24:28:463 MiRam1/(30982:30983): Servidor MiRam encendido
[INFO] 12:24:37:562 MiRam1/(30992:30993): Servidor iniciando
[INFO] 12:24:37:563 MiRam1/(30992:30993): Servidor MiRam encendido
[INFO] 12:24:41:401 MiRam1/(30992:30993): Estableciendo conexión desde 11935
[INFO] 12:24:41:401 MiRam1/(30992:30993): Creando hilo
[INFO] 12:26:49:474 MiRam1/(31076:31077): Servidor iniciando
[INFO] 12:26:49:474 MiRam1/(31076:31077): Servidor MiRam encendido
[INFO] 12:26:53:349 MiRam1/(31076:31077): Estableciendo conexión desde 13471
[INFO] 12:26:53:349 MiRam1/(31076:31077): Creando hilo
[INFO] 12:26:57:327 MiRam1/(31076:31077): Estableciendo conexión desde 14495
[INFO] 12:26:57:327 MiRam1/(31076:31077): Creando hilo
[INFO] 12:26:57:328 MiRam1/(31076:31077): Estableciendo conexión desde 15007
[INFO] 12:26:57:328 MiRam1/(31076:31077): Creando hilo
[INFO] 12:26:57:331 MiRam1/(31076:31077): Estableciendo conexión desde 15519
[INFO] 12:26:57:331 MiRam1/(31076:31077): Creando hilo
[INFO] 12:30:28:690 MiRam1/(31142:31143): Servidor iniciando
[INFO] 12:30:28:690 MiRam1/(31142:31143): Servidor MiRam encendido
[INFO] 12:30:31:946 MiRam1/(31142:31143): Estableciendo conexión desde 17567
[INFO] 12:30:31:946 MiRam1/(31142:31143): Creando hilo
[INFO] 12:30:36:392 MiRam1/(31142:31143): Estableciendo conexión desde 18591
[INFO] 12:30:36:393 MiRam1/(31142:31143): Creando hilo
[INFO] 12:30:36:396 MiRam1/(31142:31143): Estableciendo conexión desde 19103
[INFO] 12:30:36:396 MiRam1/(31142:31143): Creando hilo
[INFO] 12:30:36:398 MiRam1/(31142:31143): Estableciendo conexión desde 19615
[INFO] 12:30:36:398 MiRam1/(31142:31143): Creando hilo
[INFO] 12:34:05:842 MiRam1/(31206:31207): Servidor iniciando
[INFO] 12:34:05:842 MiRam1/(31206:31207): Servidor MiRam encendido
[INFO] 12:34:13:876 MiRam1/(31206:31207): Estableciendo conexión desde 21663
[INFO] 12:34:13:876 MiRam1/(31206:31207): Creando hilo
[INFO] 12:34:18:659 MiRam1/(31206:31207): Estableciendo conexión desde 22687
[INFO] 12:34:18:659 MiRam1/(31206:31207): Creando hilo
[INFO] 12:34:18:664 MiRam1/(31206:31207): Estableciendo conexión desde 23199
[INFO] 12:34:18:664 MiRam1/(31206:31207): Creando hilo
[INFO] 12:34:18:664 MiRam1/(31206:31207): Estableciendo conexión desde 23711
[INFO] 12:34:18:664 MiRam1/(31206:31207): Creando hilo
[INFO] 12:50:55:485 MiRam1/(31393:31394): Servidor iniciando
[INFO] 12:50:55:491 MiRam1/(31393:31394): Servidor MiRam encendido
[INFO] 12:51:05:618 MiRam1/(31393:31394): Estableciendo conexión desde 42655
[INFO] 12:51:05:619 MiRam1/(31393:31394): Creando hilo
[INFO] 12:51:10:835 MiRam1/(31393:31394): Estableciendo conexión desde 43679
[INFO] 12:51:10:835 MiRam1/(31393:31394): Creando hilo
[INFO] 12:51:10:839 MiRam1/(31393:31394): Estableciendo conexión desde 44191
[INFO] 12:51:10:840 MiRam1/(31393:31394): Creando hilo
[INFO] 12:51:10:845 MiRam1/(31393:31394): Estableciendo conexión desde 44703
[INFO] 12:51:10:845 MiRam1/(31393:31394): Creando hilo
[INFO] 12:51:45:699 MiRam1/(31393:31394): Estableciendo conexión desde 45215
[INFO] 12:51:45:699 MiRam1/(31393:31394): Creando hilo
[INFO] 12:51:45:699 MiRam1/(31393:31394): Estableciendo conexión desde 45727
[INFO] 12:51:45:699 MiRam1/(31393:31394): Creando hilo
[INFO] 12:51:45:703 MiRam1/(31393:31394): Estableciendo conexión desde 46239
[INFO] 12:51:45:703 MiRam1/(31393:31394): Creando hilo
[INFO] 12:53:26:511 MiRam1/(31456:31457): Servidor iniciando
[INFO] 12:53:26:511 MiRam1/(31456:31457): Servidor MiRam encendido
[INFO] 12:53:33:830 MiRam1/(31456:31457): Estableciendo conexión desde 47263
[INFO] 12:53:33:832 MiRam1/(31456:31457): Creando hilo
[INFO] 12:53:38:444 MiRam1/(31456:31457): Estableciendo conexión desde 48287
[INFO] 12:53:38:444 MiRam1/(31456:31457): Creando hilo
[INFO] 12:53:38:446 MiRam1/(31456:31457): Estableciendo conexión desde 48799
[INFO] 12:53:38:446 MiRam1/(31456:31457): Creando hilo
[INFO] 12:53:38:447 MiRam1/(31456:31457): Estableciendo conexión desde 49311
[INFO] 12:53:38:447 MiRam1/(31456:31457): Creando hilo
[INFO] 12:54:06:168 MiRam1/(31456:31457): Estableciendo conexión desde 50335
[INFO] 12:54:06:170 MiRam1/(31456:31457): Creando hilo
[INFO] 12:54:06:171 MiRam1/(31456:31457): Estableciendo conexión desde 50847
[INFO] 12:54:06:172 MiRam1/(31456:31457): Creando hilo
[INFO] 12:54:06:181 MiRam1/(31456:31457): Estableciendo conexión desde 51359
[INFO] 12:54:06:181 MiRam1/(31456:31457): Creando hilo
[INFO] 12:56:22:146 MiRam1/(31517:31518): Servidor iniciando
[INFO] 12:56:22:146 MiRam1/(31517:31518): Servidor MiRam encendido
[INFO] 12:56:28:276 MiRam1/(31517:31518): Estableciendo conexión desde 52383
[INFO] 12:56:28:278 MiRam1/(31517:31518): Creando hilo
[INFO] 12:58:08:325 MiRam1/(31564:31565): Servidor iniciando
[INFO] 12:58:08:326 MiRam1/(31564:31565): Servidor MiRam encendido
[INFO] 12:58:14:631 MiRam1/(31564:31565): Estableciendo conexión desde 53919
[INFO] 12:58:14:632 MiRam1/(31564:31565): Creando hilo
[INFO] 13:13:43:394 MiRam1/(31741:31742): Servidor iniciando
[INFO] 13:13:43:395 MiRam1/(31741:31742): Servidor MiRam encendido
[INFO] 13:13:51:155 MiRam1/(31741:31742): Estableciendo conexión desde 58527
[INFO] 13:13:51:156 MiRam1/(31741:31742): Creando hilo
[INFO] 13:13:57:071 MiRam1/(31741:31742): Estableciendo conexión desde 59551
[INFO] 13:13:57:071 MiRam1/(31741:31742): Creando hilo
[INFO] 13:13:57:075 MiRam1/(31741:31742): Estableciendo conexión desde 60063
[INFO] 13:13:57:075 MiRam1/(31741:31742): Creando hilo
[INFO] 13:13:57:079 MiRam1/(31741:31742): Estableciendo conexión desde 60575
[INFO] 13:13:57:079 MiRam1/(31741:31742): Creando hilo
[INFO] 13:15:02:888 MiRam1/(31741:31742): Estableciendo conexión desde 61599
[INFO] 13:15:02:888 MiRam1/(31741:31742): Creando hilo
[INFO] 13:15:02:892 MiRam1/(31741:31742): Estableciendo conexión desde 62111
[INFO] 13:15:02:892 MiRam1/(31741:31742): Creando hilo
[INFO] 13:15:02:893 MiRam1/(31741:31742): Estableciendo conexión desde 62623
[INFO] 13:15:02:893 MiRam1/(31741:31742): Creando hilo
[INFO] 13:15:38:851 MiRam1/(31741:31742): Estableciendo conexión desde 63135
[INFO] 13:15:38:851 MiRam1/(31741:31742): Creando hilo
[INFO] 13:15:38:852 MiRam1/(31741:31742): Estableciendo conexión desde 63647
[INFO] 13:15:38:852 MiRam1/(31741:31742): Creando hilo
[INFO] 13:15:38:852 MiRam1/(31741:31742): Estableciendo conexión desde 64159
[INFO] 13:15:38:852 MiRam1/(31741:31742): Creando hilo
[INFO] 11:50:11:922 MiRam1/(4506:4507): Servidor iniciando
[INFO] 11:50:11:923 MiRam1/(4506:4507): Servidor MiRam encendido
[INFO] 11:50:28:339 MiRam1/(4506:4507): Estableciendo conexión desde 27809
[INFO] 11:50:28:339 MiRam1/(4506:4507): Creando hilo
[INFO] 11:54:48:562 MiRam1/(4577:4578): Servidor iniciando
[INFO] 11:54:48:563 MiRam1/(4577:4578): Servidor MiRam encendido
[INFO] 11:54:53:552 MiRam1/(4577:4578): Estableciendo conexión desde 29857
[INFO] 11:54:53:552 MiRam1/(4577:4578): Creando hilo
[INFO] 12:03:40:159 MiRam1/(4638:4639): Servidor iniciando
[INFO] 12:03:40:159 MiRam1/(4638:4639): Servidor MiRam encendido
[INFO] 12:03:49:984 MiRam1/(4638:4639): Estableciendo conexión desde 33441
[INFO] 12:03:49:984 MiRam1/(4638:4639): Creando hilo
[INFO] 12:04:39:269 MiRam1/(4667:4668): Servidor iniciando
[INFO] 12:04:39:269 MiRam1/(4667:4668): Servidor MiRam encendido
[INFO] 12:04:45:747 MiRam1/(4667:4668): Estableciendo conexión desde 34465
[INFO] 12:04:45:747 MiRam1/(4667:4668): Creando hilo
[INFO] 12:05:41:492 MiRam1/(4701:4702): Servidor iniciando
[INFO] 12:05:41:492 MiRam1/(4701:4702): Servidor MiRam encendido
[INFO] 12:05:46:305 MiRam1/(4701:4702): Estableciendo conexión desde 36001
[INFO] 12:05:46:305 MiRam1/(4701:4702): Creando hilo
[INFO] 12:08:20:496 MiRam1/(4774:4775): Servidor iniciando
[INFO] 12:08:20:496 MiRam1/(4774:4775): Servidor MiRam encendido
[INFO] 12:08:26:426 MiRam1/(4774:4775): Estableciendo conexión desde 37537
[INFO] 12:08:26:426 MiRam1/(4774:4775): Creando hilo
[INFO] 12:09:23:678 MiRam1/(4802:4803): Servidor iniciando
[INFO] 12:09:23:679 MiRam1/(4802:4803): Servidor MiRam encendido
[INFO] 12:09:30:526 MiRam1/(4802:4803): Estableciendo conexión desde 39073
[INFO] 12:09:30:526 MiRam1/(4802:4803): Creando hilo
[INFO] 12:09:38:549 MiRam1/(4802:4803): Estableciendo conexión desde 40097
[INFO] 12:09:38:550 MiRam1/(4802:4803): Creando hilo
[INFO] 12:09:38:552 MiRam1/(4802:4803): Estableciendo conexión desde 40609
[INFO] 12:09:38:552 MiRam1/(4802:4803): Creando hilo
[INFO] 12:09:38:553 MiRam1/(4802:4803): Estableciendo conexión desde 41121
[INFO] 12:09:38:554 MiRam1/(4802:4803): Creando hilo
[INFO] 12:10:08:515 MiRam1/(4802:4803): Estableciendo conexión desde 41633
[INFO] 12:10:08:516 MiRam1/(4802:4803): Creando hilo
[INFO] 12:10:08:516 MiRam1/(4802:4803): Estableciendo conexión desde 42145
[INFO] 12:10:08:516 MiRam1/(4802:4803): Creando hilo
[INFO] 12:10:08:517 MiRam1/(4802:4803): Estableciendo conexión desde 42657
[INFO] 12:10:08:517 MiRam1/(4802:4803): Creando hilo
[INFO] 12:10:42:038 MiRam1/(4834:4835): Servidor iniciando
[INFO] 12:10:42:038 MiRam1/(4834:4835): Servidor MiRam encendido
[INFO] 12:10:47:285 MiRam1/(4834:4835): Estableciendo conexión desde 43169
[INFO] 12:10:47:285 MiRam1/(4834:4835): Creando hilo
[INFO] 12:10:52:420 MiRam1/(4834:4835): Estableciendo conexión desde 44193
[INFO] 12:10:52:420 MiRam1/(4834:4835): Creando hilo
[INFO] 12:10:52:421 MiRam1/(4834:4835): Estableciendo conexión desde 44705
[INFO] 12:10:52:421 MiRam1/(4834:4835): Creando hilo
[INFO] 12:10:52:425 MiRam1/(4834:4835): Estableciendo conexión desde 45217
[INFO] 12:10:52:425 MiRam1/(4834:4835): Creando hilo
