[ERROR] 13:41:32:343 mongostore/(955:975): el discordiador finalizo el programa. Terminando servidor
[ERROR] 13:42:40:023 mongostore/(1063:1088): el discordiador finalizo el programa. Terminando servidor
[ERROR] 13:44:51:090 mongostore/(1127:1140): el discordiador finalizo el programa. Terminando servidor
[ERROR] 14:48:49:028 mongostore/(1950:1971): el discordiador finalizo el programa. Terminando servidor
[ERROR] 14:50:30:426 mongostore/(2007:2026): el discordiador finalizo el programa. Terminando servidor
[ERROR] 14:53:46:309 mongostore/(2188:2204): el cliente se desconecto. Terminando servidor
[ERROR] 14:54:47:046 mongostore/(2217:2282): el cliente se desconecto. Terminando servidor
[ERROR] 14:55:07:999 mongostore/(2293:2313): el cliente se desconecto. Terminando servidor
[ERROR] 14:56:10:913 mongostore/(2342:2367): el cliente se desconecto. Terminando servidor
[ERROR] 14:56:23:979 mongostore/(2384:2399): el cliente se desconecto. Terminando servidor
[ERROR] 14:57:43:049 mongostore/(2462:2484): el cliente se desconecto. Terminando servidor
[ERROR] 14:58:21:066 mongostore/(2532:2562): el cliente se desconecto. Terminando servidor
[ERROR] 14:58:36:399 mongostore/(2566:2601): el cliente se desconecto. Terminando servidor
[ERROR] 14:58:52:608 mongostore/(2613:2632): el cliente se desconecto. Terminando servidor
[ERROR] 14:59:35:147 mongostore/(2643:2656): el cliente se desconecto. Terminando servidor
[ERROR] 15:00:10:334 mongostore/(2693:2718): el cliente se desconecto. Terminando servidor
[ERROR] 15:01:14:433 mongostore/(2731:2746): el cliente se desconecto. Terminando servidor
[ERROR] 15:04:07:624 mongostore/(2847:2866): el cliente se desconecto. Terminando servidor
[ERROR] 15:10:18:244 mongostore/(3022:3037): el cliente se desconecto. Terminando servidor
[ERROR] 15:10:30:228 mongostore/(3064:3101): el discordiador finalizo el programa. Terminando servidor
[ERROR] 15:11:58:881 mongostore/(3145:3160): el cliente se desconecto. Terminando servidor
[ERROR] 15:12:37:845 mongostore/(3191:3204): el cliente se desconecto. Terminando servidor
[ERROR] 15:14:31:923 mongostore/(3253:3279): el cliente se desconecto. Terminando servidor
[ERROR] 15:15:53:461 mongostore/(3315:3334): el cliente se desconecto. Terminando servidor
[ERROR] 15:17:49:269 mongostore/(3367:3380): el cliente se desconecto. Terminando servidor
[ERROR] 15:20:36:279 mongostore/(3439:3452): el cliente se desconecto. Terminando servidor
[ERROR] 15:23:29:597 mongostore/(3508:3522): el cliente se desconecto. Terminando servidor
[ERROR] 15:26:08:226 mongostore/(3574:3587): el cliente se desconecto. Terminando servidor
[ERROR] 15:27:44:049 mongostore/(3625:3638): el cliente se desconecto. Terminando servidor
[ERROR] 15:31:21:506 mongostore/(3681:3697): el cliente se desconecto. Terminando servidor
[ERROR] 15:32:55:266 mongostore/(3735:3751): el cliente se desconecto. Terminando servidor
[ERROR] 15:38:49:675 mongostore/(3841:3857): el discordiador finalizo el programa. Terminando servidor
[ERROR] 15:41:10:184 mongostore/(3911:3927): el discordiador finalizo el programa. Terminando servidor
[ERROR] 15:41:48:462 mongostore/(3961:3984): el discordiador finalizo el programa. Terminando servidor
[ERROR] 15:42:45:642 mongostore/(4047:4062): el discordiador finalizo el programa. Terminando servidor
[ERROR] 15:47:20:465 mongostore/(4111:4134): el discordiador finalizo el programa. Terminando servidor
[ERROR] 15:48:53:051 mongostore/(4192:4218): el discordiador finalizo el programa. Terminando servidor
[ERROR] 15:54:17:336 mongostore/(4443:4473): el discordiador finalizo el programa. Terminando servidor
[ERROR] 16:06:14:518 mongostore/(4596:4636): el discordiador finalizo el programa. Terminando servidor
[ERROR] 16:21:25:202 mongostore/(5202:5256): el cliente se desconecto. Terminando servidor
[ERROR] 16:23:04:476 mongostore/(5292:5322): el cliente se desconecto. Terminando servidor
[ERROR] 16:23:40:285 mongostore/(5351:5380): el cliente se desconecto. Terminando servidor
[ERROR] 16:24:22:372 mongostore/(5432:5450): el cliente se desconecto. Terminando servidor
[ERROR] 16:27:01:166 mongostore/(5499:5525): el discordiador finalizo el programa. Terminando servidor
[ERROR] 16:30:57:885 mongostore/(5638:5655): el cliente se desconecto. Terminando servidor
[ERROR] 16:33:11:486 mongostore/(5711:5727): el cliente se desconecto. Terminando servidor
[ERROR] 16:35:22:951 mongostore/(5770:5785): el cliente se desconecto. Terminando servidor
[ERROR] 16:36:54:603 mongostore/(5867:5896): el cliente se desconecto. Terminando servidor
[ERROR] 16:38:45:861 mongostore/(5965:5992): el discordiador finalizo el programa. Terminando servidor
[ERROR] 16:55:59:823 mongostore/(6403:6421): el discordiador finalizo el programa. Terminando servidor
[ERROR] 16:57:30:538 mongostore/(6469:6484): el discordiador finalizo el programa. Terminando servidor
[ERROR] 16:58:42:433 mongostore/(6515:6530): el discordiador finalizo el programa. Terminando servidor
[ERROR] 17:00:32:353 mongostore/(6568:6585): el discordiador finalizo el programa. Terminando servidor
[ERROR] 17:02:26:134 mongostore/(6636:6661): el discordiador finalizo el programa. Terminando servidor
[ERROR] 17:03:57:884 mongostore/(6736:6766): el discordiador finalizo el programa. Terminando servidor
[ERROR] 17:06:04:618 mongostore/(6840:6859): el discordiador finalizo el programa. Terminando servidor
[ERROR] 17:26:12:660 mongostore/(7043:7084): el discordiador finalizo el programa. Terminando servidor
[ERROR] 17:28:38:374 mongostore/(7141:7167): el discordiador finalizo el programa. Terminando servidor
[ERROR] 17:45:28:247 mongostore/(7769:7801): el discordiador finalizo el programa. Terminando servidor
[ERROR] 17:49:30:148 mongostore/(7822:7840): el discordiador finalizo el programa. Terminando servidor
[ERROR] 17:51:29:939 mongostore/(7883:7909): el discordiador finalizo el programa. Terminando servidor
[ERROR] 17:53:07:879 mongostore/(7972:7988): el discordiador finalizo el programa. Terminando servidor
[ERROR] 17:53:53:621 mongostore/(8041:8057): el discordiador finalizo el programa. Terminando servidor
[ERROR] 18:11:00:202 mongostore/(8234:8249): el discordiador finalizo el programa. Terminando servidor
[ERROR] 18:15:23:193 mongostore/(8350:8376): el discordiador finalizo el programa. Terminando servidor
[ERROR] 18:24:57:694 mongostore/(8440:8466): el discordiador finalizo el programa. Terminando servidor
[ERROR] 20:06:36:126 mongostore/(9824:9850): el discordiador finalizo el programa. Terminando servidor
[ERROR] 20:18:27:297 mongostore/(9932:10066): el discordiador finalizo el programa. Terminando servidor
[ERROR] 20:28:14:194 mongostore/(10261:10284): el discordiador finalizo el programa. Terminando servidor
[ERROR] 20:34:02:623 mongostore/(10381:10404): el discordiador finalizo el programa. Terminando servidor
[ERROR] 20:40:15:242 mongostore/(10453:10478): el discordiador finalizo el programa. Terminando servidor
[ERROR] 20:44:56:327 mongostore/(10535:10559): el discordiador finalizo el programa. Terminando servidor
[ERROR] 20:46:53:100 mongostore/(10597:10616): el discordiador finalizo el programa. Terminando servidor
[ERROR] 20:48:38:922 mongostore/(10644:10658): el discordiador finalizo el programa. Terminando servidor
[ERROR] 20:52:03:666 mongostore/(10687:10710): el discordiador finalizo el programa. Terminando servidor
[ERROR] 20:57:49:326 mongostore/(10773:10799): el discordiador finalizo el programa. Terminando servidor
[ERROR] 20:59:49:049 mongostore/(10872:10895): el discordiador finalizo el programa. Terminando servidor
[ERROR] 21:35:48:071 mongostore/(11338:11364): el discordiador finalizo el programa. Terminando servidor
[ERROR] 21:37:34:255 mongostore/(11425:11450): el discordiador finalizo el programa. Terminando servidor
[ERROR] 21:39:43:248 mongostore/(11482:11505): el discordiador finalizo el programa. Terminando servidor
[ERROR] 21:45:15:877 mongostore/(11533:11556): el discordiador finalizo el programa. Terminando servidor
[ERROR] 21:48:10:655 mongostore/(11607:11633): el discordiador finalizo el programa. Terminando servidor
[ERROR] 22:06:19:028 mongostore/(11861:11887): el discordiador finalizo el programa. Terminando servidor
[ERROR] 22:12:17:967 mongostore/(11963:11991): el discordiador finalizo el programa. Terminando servidor
[ERROR] 22:14:08:393 mongostore/(12042:12070): el discordiador finalizo el programa. Terminando servidor
[ERROR] 22:16:18:902 mongostore/(12143:12169): el discordiador finalizo el programa. Terminando servidor
[ERROR] 22:23:06:868 mongostore/(12265:12283): el cliente se desconecto. Terminando servidor
[ERROR] 22:25:27:490 mongostore/(12318:12334): el discordiador finalizo el programa. Terminando servidor
[ERROR] 22:28:45:711 mongostore/(12387:12403): el discordiador finalizo el programa. Terminando servidor
[ERROR] 22:32:55:604 mongostore/(12467:12497): el discordiador finalizo el programa. Terminando servidor
[ERROR] 22:36:46:503 mongostore/(12554:12571): el discordiador finalizo el programa. Terminando servidor
[ERROR] 22:39:30:911 mongostore/(12604:12619): el discordiador finalizo el programa. Terminando servidor
[ERROR] 22:41:09:910 mongostore/(12665:12682): el discordiador finalizo el programa. Terminando servidor
[ERROR] 22:46:45:491 mongostore/(12739:12769): el discordiador finalizo el programa. Terminando servidor
[ERROR] 22:50:31:061 mongostore/(12840:12867): el discordiador finalizo el programa. Terminando servidor
[ERROR] 23:22:06:219 mongostore/(13133:13165): el discordiador finalizo el programa. Terminando servidor
[ERROR] 23:30:43:597 mongostore/(13315:13331): el discordiador finalizo el programa. Terminando servidor
[ERROR] 23:31:55:532 mongostore/(13360:13376): el discordiador finalizo el programa. Terminando servidor
[ERROR] 23:51:33:179 mongostore/(13797:13813): el discordiador finalizo el programa. Terminando servidor
[ERROR] 23:54:29:702 mongostore/(13876:13893): el discordiador finalizo el programa. Terminando servidor
[ERROR] 22:39:35:546 mongostore/(14967:14995): el discordiador finalizo el programa. Terminando servidor
[ERROR] 22:53:43:528 mongostore/(15141:15167): el discordiador finalizo el programa. Terminando servidor
[ERROR] 22:56:20:143 mongostore/(15200:15227): el discordiador finalizo el programa. Terminando servidor
[ERROR] 23:51:28:419 mongostore/(15420:15448): el discordiador finalizo el programa. Terminando servidor
[ERROR] 23:54:46:794 mongostore/(15824:15850): el discordiador finalizo el programa. Terminando servidor
[ERROR] 23:56:31:186 mongostore/(15895:15923): el discordiador finalizo el programa. Terminando servidor
[ERROR] 23:57:07:763 mongostore/(15952:15978): el discordiador finalizo el programa. Terminando servidor
[ERROR] 22:34:20:991 mongostore/(17010:17041): el cliente se desconecto. Terminando servidor
[ERROR] 22:36:17:924 mongostore/(17071:17089): el discordiador finalizo el programa. Terminando servidor
[ERROR] 22:49:21:560 mongostore/(17152:17304): el discordiador finalizo el programa. Terminando servidor
[ERROR] 23:23:56:965 mongostore/(17799:17869): el discordiador finalizo el programa. Terminando servidor
[ERROR] 23:27:09:008 mongostore/(17917:17975): el cliente se desconecto. Terminando servidor
[ERROR] 23:34:27:773 mongostore/(18027:18070): el cliente se desconecto. Terminando servidor
[ERROR] 23:37:30:717 mongostore/(18146:18174): el cliente se desconecto. Terminando servidor
[ERROR] 23:39:14:994 mongostore/(18212:18236): el cliente se desconecto. Terminando servidor
[ERROR] 23:42:27:982 mongostore/(18266:18290): el cliente se desconecto. Terminando servidor
[ERROR] 23:46:33:368 mongostore/(18324:18422): el cliente se desconecto. Terminando servidor
[ERROR] 23:48:32:018 mongostore/(18445:18468): el discordiador finalizo el programa. Terminando servidor
[ERROR] 23:53:27:657 mongostore/(18532:18556): el cliente se desconecto. Terminando servidor
[ERROR] 23:55:24:673 mongostore/(18586:18604): el discordiador finalizo el programa. Terminando servidor
[ERROR] 23:56:56:645 mongostore/(18631:18652): el cliente se desconecto. Terminando servidor
[ERROR] 00:04:08:370 mongostore/(18679:18693): el discordiador finalizo el programa. Terminando servidor
[ERROR] 00:27:56:225 mongostore/(19197:19408): el cliente se desconecto. Terminando servidor
[ERROR] 00:28:58:635 mongostore/(19433:19459): el cliente se desconecto. Terminando servidor
[ERROR] 00:30:15:025 mongostore/(19483:19516): el cliente se desconecto. Terminando servidor
[ERROR] 00:31:13:019 mongostore/(19530:19557): el cliente se desconecto. Terminando servidor
[ERROR] 00:31:59:425 mongostore/(19588:19604): el cliente se desconecto. Terminando servidor
[ERROR] 00:32:32:850 mongostore/(19620:19645): el cliente se desconecto. Terminando servidor
[ERROR] 00:33:07:202 mongostore/(19659:19680): el cliente se desconecto. Terminando servidor
[ERROR] 00:34:09:250 mongostore/(19708:19740): el cliente se desconecto. Terminando servidor
[ERROR] 00:34:54:867 mongostore/(19754:19780): el cliente se desconecto. Terminando servidor
[ERROR] 00:38:02:898 mongostore/(19823:19847): el discordiador finalizo el programa. Terminando servidor
[ERROR] 00:39:39:140 mongostore/(19876:19904): el cliente se desconecto. Terminando servidor
[ERROR] 00:45:54:970 mongostore/(19981:20006): el discordiador finalizo el programa. Terminando servidor
[ERROR] 00:49:59:287 mongostore/(20045:20069): el discordiador finalizo el programa. Terminando servidor
[ERROR] 22:03:42:461 mongostore/(20428:20443): el discordiador finalizo el programa. Terminando servidor
[ERROR] 22:15:56:227 mongostore/(20673:20713): el discordiador finalizo el programa. Terminando servidor
[ERROR] 22:26:47:635 mongostore/(20803:20831): el discordiador finalizo el programa. Terminando servidor
[ERROR] 22:31:54:411 mongostore/(20991:21035): el discordiador finalizo el programa. Terminando servidor
[ERROR] 22:51:58:196 mongostore/(21213:21239): el discordiador finalizo el programa. Terminando servidor
[ERROR] 22:56:19:055 mongostore/(21296:21313): el discordiador finalizo el programa. Terminando servidor
[ERROR] 22:59:51:834 mongostore/(21344:21359): el discordiador finalizo el programa. Terminando servidor
[ERROR] 23:01:57:489 mongostore/(21422:21437): el discordiador finalizo el programa. Terminando servidor
[ERROR] 23:06:04:817 mongostore/(21486:21502): el discordiador finalizo el programa. Terminando servidor
[ERROR] 23:07:26:140 mongostore/(21535:21554): el discordiador finalizo el programa. Terminando servidor
[ERROR] 23:10:58:738 mongostore/(21567:21584): el discordiador finalizo el programa. Terminando servidor
[ERROR] 23:14:55:095 mongostore/(21636:21651): el discordiador finalizo el programa. Terminando servidor
[ERROR] 23:26:50:865 mongostore/(21804:21822): el discordiador finalizo el programa. Terminando servidor
[ERROR] 23:30:51:565 mongostore/(21858:21874): el discordiador finalizo el programa. Terminando servidor
[ERROR] 23:38:53:149 mongostore/(21928:21944): el discordiador finalizo el programa. Terminando servidor
[ERROR] 23:45:13:217 mongostore/(22013:22028): el discordiador finalizo el programa. Terminando servidor
[DEBUG] 09:51:11:876 mongostore/(8831:8831): LOGGER OK
[INFO] 09:51:11:877 mongostore/(8831:8831): Configuracion leida y almacenada en "configuracion"
[DEBUG] 09:51:11:877 mongostore/(8831:8831): Testeo config, la IP es: 127.0.0.1
[INFO] 09:51:11:878 mongostore/(8831:8831): Se eliminan archivos previos ya que el superbloque no existe desde antes y por lo tanto no se puede levantar lo existente
[DEBUG] 09:51:11:878 mongostore/(8831:8831): I-Se ingresa a superbloque_generar_estructura_con_valores_tomados_por_consola para tomar por consola el tamanio y la cantidad de bloques
[DEBUG] 09:51:55:773 mongostore/(8831:8831): IO-Al salir de superbloque_asignar_memoria_a_bitmap se tiene bitmap_size 4096
[DEBUG] 09:51:55:773 mongostore/(8831:8831): Se ingreso por block_size 256 y blocks 32768. Ademas se genero el bitmap seteado a vacio
[DEBUG] 09:51:55:773 mongostore/(8831:8831): O-Se cierra consola
[DEBUG] 09:51:55:773 mongostore/(8831:8831): IO-Se creo el archivo dado por la ruta completa "/home/utnso/tp-2021-1c-INTratables/mongostore/file_system/SuperBloque.ims"
[DEBUG] 09:51:55:773 mongostore/(8831:8831): O-Archivo SuperBloque.ims cargado
[INFO] 09:51:55:773 mongostore/(8831:8831): Existencia de SuperBloque validada: estructura en memoria, archivo y mapeo a memoria para actualizacion
[DEBUG] 09:51:55:773 mongostore/(8831:8831): IO-Se creo el archivo dado por la ruta completa "/home/utnso/tp-2021-1c-INTratables/mongostore/file_system/Blocks.ims"
[DEBUG] 09:51:55:773 mongostore/(8831:8831): I-Se ingresa a blocks_mapear_archivo_a_memoria
[DEBUG] 09:51:55:773 mongostore/(8831:8831): O-Blocks mapeado del archivo a la memoria
[INFO] 09:51:55:773 mongostore/(8831:8831): Existencia de Blocks validada
[DEBUG] 09:51:55:773 mongostore/(8831:8831): Directorios del File System confirmados
[INFO] 09:51:55:774 mongostore/(8831:8831): File System iniciado
[INFO] 09:51:55:774 mongostore/(8831:8831): pid 8831  

[INFO] 09:51:55:774 mongostore/(8831:8835): Servidor iniciando 2
[INFO] 09:51:55:774 mongostore/(8831:8835): Servidor Mongo2 encendido
[INFO] 09:51:55:774 mongostore/(8831:8834): Servidor iniciando
[INFO] 09:51:55:774 mongostore/(8831:8834): Servidor Mongo encendido
[INFO] 09:52:52:874 mongostore/(8831:8834): Estableciendo conexión desde 62598
[INFO] 09:52:52:874 mongostore/(8831:8835): 2 Estableciendo conexión desde 59088
[INFO] 09:52:52:875 mongostore/(8831:8834): Creando hilo
[INFO] 09:52:52:875 mongostore/(8831:8835): 2 Creando hilo
[INFO] 09:52:52:877 mongostore/(8831:8883): Se conecto este socket a mi 8
[INFO] 09:52:52:877 mongostore/(8831:8884): funcionx
[INFO] 09:53:10:457 mongostore/(8831:8834): Estableciendo conexión desde 64134
[INFO] 09:53:10:457 mongostore/(8831:8834): Creando hilo
[INFO] 09:53:10:460 mongostore/(8831:8893): Se conecto este socket a mi 9
[INFO] 09:53:10:461 mongostore/(8831:8834): Estableciendo conexión desde 65158
[INFO] 09:53:10:461 mongostore/(8831:8834): Creando hilo
[INFO] 09:53:10:461 mongostore/(8831:8893): tid 1  Se mueve de 2|2 a 3|2
[INFO] 09:53:10:462 mongostore/(8831:8895): Se conecto este socket a mi 10
[INFO] 09:53:10:463 mongostore/(8831:8834): Estableciendo conexión desde 647
[INFO] 09:53:10:463 mongostore/(8831:8834): Creando hilo
[INFO] 09:53:10:463 mongostore/(8831:8895): tid 2  Se mueve de 2|2 a 3|2
[INFO] 09:53:10:467 mongostore/(8831:8897): Se conecto este socket a mi 11
[INFO] 09:53:11:462 mongostore/(8831:8893): tid 1  Se mueve de 3|2 a 3|3
[INFO] 09:53:11:464 mongostore/(8831:8895): tid 2  Se mueve de 3|2 a 3|3
[INFO] 09:53:12:462 mongostore/(8831:8893): tid 1  Se mueve de 3|3 a 4|3
[INFO] 09:53:12:465 mongostore/(8831:8895): tid 2  Se mueve de 3|3 a 4|3
[INFO] 09:53:13:464 mongostore/(8831:8893): tid 1  Se mueve de 4|3 a 4|4
[INFO] 09:53:13:465 mongostore/(8831:8895): tid 2  Se mueve de 4|3 a 4|4
[INFO] 09:53:14:464 mongostore/(8831:8893): tarea GENERAR_OXIGENO  param 5
[INFO] 09:53:14:465 mongostore/(8831:8895): tarea GENERAR_OXIGENO  param 5
[INFO] 09:53:15:465 mongostore/(8831:8893): tid 1  Comienza ejecucion de tarea GENERAR_OXIGENO
[INFO] 09:53:15:465 mongostore/(8831:8897): tid 3  Se mueve de 4|5 a 4|4
[INFO] 09:53:16:465 mongostore/(8831:8893): tid 1  Se finaliza la tarea GENERAR_OXIGENO
[INFO] 09:53:16:466 mongostore/(8831:8897): tarea GENERAR_OXIGENO  param 5
[INFO] 09:53:16:466 mongostore/(8831:8895): tid 2  Comienza ejecucion de tarea GENERAR_OXIGENO
[INFO] 09:53:16:466 mongostore/(8831:8893): tid 1  Se mueve de 4|4 a 5|4
[INFO] 09:53:17:466 mongostore/(8831:8895): tid 2  Se finaliza la tarea GENERAR_OXIGENO
[INFO] 09:53:17:467 mongostore/(8831:8893): tid 1  Se mueve de 5|4 a 5|5
[INFO] 09:53:17:467 mongostore/(8831:8897): tid 3  Comienza ejecucion de tarea GENERAR_OXIGENO
[INFO] 09:53:17:467 mongostore/(8831:8895): tid 2  Se mueve de 4|4 a 5|4
[INFO] 09:53:18:467 mongostore/(8831:8893): tid 1  Se mueve de 5|5 a 5|6
[INFO] 09:53:18:467 mongostore/(8831:8897): tid 3  Se finaliza la tarea GENERAR_OXIGENO
[INFO] 09:53:18:467 mongostore/(8831:8895): tid 2  Se mueve de 5|4 a 5|5
[INFO] 09:53:19:467 mongostore/(8831:8893): tid 1  Comienza ejecucion de tarea ABC
[INFO] 09:53:19:468 mongostore/(8831:8895): tid 2  Se mueve de 5|5 a 5|6
[INFO] 09:53:20:468 mongostore/(8831:8895): tid 2  Comienza ejecucion de tarea ABC
[INFO] 09:53:23:470 mongostore/(8831:8893): tid 1  Se finaliza la tarea ABC
[INFO] 09:53:23:470 mongostore/(8831:8893): tid 1  Se mueve de 5|6 a 4|6
[INFO] 09:53:24:470 mongostore/(8831:8893): tid 1  Se mueve de 4|6 a 4|5
[INFO] 09:53:24:471 mongostore/(8831:8895): tid 2  Se finaliza la tarea ABC
[INFO] 09:53:24:471 mongostore/(8831:8895): tid 2  Se mueve de 5|6 a 4|6
[INFO] 09:53:25:471 mongostore/(8831:8895): tid 2  Se mueve de 4|6 a 4|5
[INFO] 09:53:25:471 mongostore/(8831:8893): tid 1  Se mueve de 4|5 a 3|5
[INFO] 09:53:26:472 mongostore/(8831:8895): tid 2  Se mueve de 4|5 a 3|5
[INFO] 09:53:26:472 mongostore/(8831:8893): tid 1  Se mueve de 3|5 a 3|4
[INFO] 09:53:27:473 mongostore/(8831:8895): tid 2  Se mueve de 3|5 a 3|4
[INFO] 09:53:27:473 mongostore/(8831:8893): tid 1  Se mueve de 3|4 a 3|3
[INFO] 09:53:28:473 mongostore/(8831:8895): tid 2  Se mueve de 3|4 a 3|3
[INFO] 09:53:28:473 mongostore/(8831:8893): tarea CONSUMIR_OXIGENO  param 2
[INFO] 09:53:29:474 mongostore/(8831:8895): tarea CONSUMIR_OXIGENO  param 2
[INFO] 09:53:29:474 mongostore/(8831:8893): tid 1  Comienza ejecucion de tarea CONSUMIR_OXIGENO
[INFO] 09:53:29:474 mongostore/(8831:8897): tid 3  Se mueve de 4|4 a 5|4
[INFO] 09:53:30:475 mongostore/(8831:8897): tid 3  Se mueve de 5|4 a 5|5
[INFO] 09:53:31:476 mongostore/(8831:8897): tid 3  Se mueve de 5|5 a 5|6
[INFO] 09:53:32:477 mongostore/(8831:8897): tid 3  Comienza ejecucion de tarea ABC
[INFO] 09:53:33:474 mongostore/(8831:8893): tid 1  Se finaliza la tarea CONSUMIR_OXIGENO
[INFO] 09:53:33:476 mongostore/(8831:8895): tid 2  Comienza ejecucion de tarea CONSUMIR_OXIGENO
[INFO] 09:53:36:478 mongostore/(8831:8897): tid 3  Se finaliza la tarea ABC
[INFO] 09:53:36:479 mongostore/(8831:8897): tid 3  Se mueve de 5|6 a 4|6
[INFO] 09:53:37:477 mongostore/(8831:8895): tid 2  Se finaliza la tarea CONSUMIR_OXIGENO
[INFO] 09:53:37:479 mongostore/(8831:8897): tid 3  Se mueve de 4|6 a 4|5
[INFO] 09:53:38:480 mongostore/(8831:8897): tid 3  Se mueve de 4|5 a 3|5
[INFO] 09:53:39:481 mongostore/(8831:8897): tid 3  Se mueve de 3|5 a 3|4
[INFO] 09:53:40:482 mongostore/(8831:8897): tid 3  Se mueve de 3|4 a 3|3
[INFO] 09:53:41:482 mongostore/(8831:8897): tarea CONSUMIR_OXIGENO  param 2
[INFO] 09:53:42:483 mongostore/(8831:8897): tid 3  Comienza ejecucion de tarea CONSUMIR_OXIGENO
[INFO] 09:53:46:488 mongostore/(8831:8897): tid 3  Se finaliza la tarea CONSUMIR_OXIGENO
[DEBUG] 10:03:18:749 mongostore/(9072:9072): LOGGER OK
[INFO] 10:03:18:749 mongostore/(9072:9072): Configuracion leida y almacenada en "configuracion"
[DEBUG] 10:03:18:749 mongostore/(9072:9072): Testeo config, la IP es: 127.0.0.1
[DEBUG] 10:03:18:749 mongostore/(9072:9072): I-Se ingresa a superbloque_generar_estructura_desde_archivo
[DEBUG] 10:03:18:750 mongostore/(9072:9072): IO-Al salir de superbloque_asignar_memoria_a_bitmap se tiene bitmap_size 4096
[DEBUG] 10:03:18:750 mongostore/(9072:9072): O-Superbloque generado desde archivo
[INFO] 10:03:18:750 mongostore/(9072:9072): Existencia de SuperBloque validada: estructura en memoria, archivo y mapeo a memoria para actualizacion
[DEBUG] 10:03:18:750 mongostore/(9072:9072): I-Se ingresa a blocks_mapear_archivo_a_memoria
[DEBUG] 10:03:18:750 mongostore/(9072:9072): O-Blocks mapeado del archivo a la memoria
[INFO] 10:03:18:750 mongostore/(9072:9072): Existencia de Blocks validada
[DEBUG] 10:03:18:750 mongostore/(9072:9072): Directorios del File System confirmados
[INFO] 10:03:18:750 mongostore/(9072:9072): File System iniciado
[INFO] 10:03:18:750 mongostore/(9072:9072): pid 9072  

[INFO] 10:03:18:751 mongostore/(9072:9074): Servidor iniciando 2
[INFO] 10:03:18:751 mongostore/(9072:9074): Servidor Mongo2 encendido
[INFO] 10:03:18:751 mongostore/(9072:9073): Servidor iniciando
[INFO] 10:03:18:751 mongostore/(9072:9073): Servidor Mongo encendido
[INFO] 10:03:28:978 mongostore/(9072:9073): Estableciendo conexión desde 4743
[INFO] 10:03:28:978 mongostore/(9072:9073): Creando hilo
[INFO] 10:03:28:979 mongostore/(9072:9074): 2 Estableciendo conexión desde 1233
[INFO] 10:03:28:979 mongostore/(9072:9074): 2 Creando hilo
[INFO] 10:03:28:983 mongostore/(9072:9270): funcionx
[INFO] 10:03:28:983 mongostore/(9072:9269): Se conecto este socket a mi 8
[INFO] 10:03:40:571 mongostore/(9072:9073): Estableciendo conexión desde 6279
[INFO] 10:03:40:571 mongostore/(9072:9073): Creando hilo
[INFO] 10:03:40:577 mongostore/(9072:9295): Se conecto este socket a mi 9
[INFO] 10:03:40:578 mongostore/(9072:9073): Estableciendo conexión desde 7303
[INFO] 10:03:40:578 mongostore/(9072:9073): Creando hilo
[INFO] 10:03:40:578 mongostore/(9072:9297): Se conecto este socket a mi 10
[INFO] 10:03:40:579 mongostore/(9072:9073): Estableciendo conexión desde 8327
[INFO] 10:03:40:579 mongostore/(9072:9073): Creando hilo
[INFO] 10:03:40:579 mongostore/(9072:9299): Se conecto este socket a mi 11
[INFO] 10:03:41:579 mongostore/(9072:9295): tid 1  Se mueve de 2|2 a 3|2
[INFO] 10:03:42:579 mongostore/(9072:9297): tid 2  Se mueve de 2|2 a 3|2
[INFO] 10:03:43:579 mongostore/(9072:9295): tid 1  Se mueve de 3|2 a 3|3
[INFO] 10:03:44:580 mongostore/(9072:9297): tid 2  Se mueve de 3|2 a 3|3
[INFO] 10:03:45:580 mongostore/(9072:9295): tid 1  Se mueve de 3|3 a 4|3
[INFO] 10:03:46:580 mongostore/(9072:9297): tid 2  Se mueve de 3|3 a 4|3
[INFO] 10:03:47:581 mongostore/(9072:9295): tid 1  Se mueve de 4|3 a 4|4
[INFO] 10:03:48:581 mongostore/(9072:9297): tid 2  Se mueve de 4|3 a 4|4
[INFO] 10:03:48:581 mongostore/(9072:9295): tarea GENERAR_OXIGENO  param 5
[INFO] 10:03:49:582 mongostore/(9072:9297): tarea GENERAR_OXIGENO  param 5
[INFO] 10:03:49:582 mongostore/(9072:9295): tid 1  Comienza ejecucion de tarea GENERAR_OXIGENO
[INFO] 10:03:50:582 mongostore/(9072:9295): tid 1  Se finaliza la tarea GENERAR_OXIGENO
[INFO] 10:03:50:582 mongostore/(9072:9299): tid 3  Se mueve de 4|5 a 4|4
[INFO] 10:03:50:583 mongostore/(9072:9297): tid 2  Comienza ejecucion de tarea GENERAR_OXIGENO
[INFO] 10:03:51:583 mongostore/(9072:9299): tarea GENERAR_OXIGENO  param 5
[INFO] 10:03:51:584 mongostore/(9072:9297): tid 2  Se finaliza la tarea GENERAR_OXIGENO
[INFO] 10:03:51:584 mongostore/(9072:9295): tid 1  Se mueve de 4|4 a 5|4
[INFO] 10:03:52:584 mongostore/(9072:9299): tid 3  Comienza ejecucion de tarea GENERAR_OXIGENO
[INFO] 10:03:53:584 mongostore/(9072:9295): tid 1  Se mueve de 5|4 a 5|5
[INFO] 10:03:53:584 mongostore/(9072:9299): tid 3  Se finaliza la tarea GENERAR_OXIGENO
[INFO] 10:03:54:584 mongostore/(9072:9297): tid 2  Se mueve de 4|4 a 5|4
[INFO] 10:03:55:586 mongostore/(9072:9295): tid 1  Se mueve de 5|5 a 5|6
[INFO] 10:03:56:587 mongostore/(9072:9297): tid 2  Se mueve de 5|4 a 5|5
[INFO] 10:03:56:587 mongostore/(9072:9295): tid 1  Comienza ejecucion de tarea ABC
[INFO] 10:03:58:587 mongostore/(9072:9297): tid 2  Se mueve de 5|5 a 5|6
[INFO] 10:03:59:588 mongostore/(9072:9297): tid 2  Comienza ejecucion de tarea ABC
[INFO] 10:04:00:588 mongostore/(9072:9295): tid 1  Se finaliza la tarea ABC
[INFO] 10:04:01:589 mongostore/(9072:9295): tid 1  Se mueve de 5|6 a 4|6
[INFO] 10:04:03:590 mongostore/(9072:9297): tid 2  Se finaliza la tarea ABC
[INFO] 10:04:03:590 mongostore/(9072:9295): tid 1  Se mueve de 4|6 a 4|5
[INFO] 10:04:04:593 mongostore/(9072:9297): tid 2  Se mueve de 5|6 a 4|6
[INFO] 10:04:05:594 mongostore/(9072:9295): tid 1  Se mueve de 4|5 a 3|5
[INFO] 10:04:06:595 mongostore/(9072:9297): tid 2  Se mueve de 4|6 a 4|5
[INFO] 10:04:07:595 mongostore/(9072:9295): tid 1  Se mueve de 3|5 a 3|4
[INFO] 10:04:08:595 mongostore/(9072:9297): tid 2  Se mueve de 4|5 a 3|5
[INFO] 10:04:09:596 mongostore/(9072:9295): tid 1  Se mueve de 3|4 a 3|3
[INFO] 10:04:10:596 mongostore/(9072:9297): tid 2  Se mueve de 3|5 a 3|4
[INFO] 10:04:10:597 mongostore/(9072:9295): tarea CONSUMIR_OXIGENO  param 2
[INFO] 10:04:11:597 mongostore/(9072:9295): tid 1  Comienza ejecucion de tarea CONSUMIR_OXIGENO
[INFO] 10:04:12:597 mongostore/(9072:9297): tid 2  Se mueve de 3|4 a 3|3
[INFO] 10:04:13:597 mongostore/(9072:9299): tid 3  Se mueve de 4|4 a 5|4
[INFO] 10:04:13:598 mongostore/(9072:9297): tarea CONSUMIR_OXIGENO  param 2
[INFO] 10:04:15:598 mongostore/(9072:9299): tid 3  Se mueve de 5|4 a 5|5
[INFO] 10:04:15:598 mongostore/(9072:9295): tid 1  Se finaliza la tarea CONSUMIR_OXIGENO
[INFO] 10:04:15:599 mongostore/(9072:9297): tid 2  Comienza ejecucion de tarea CONSUMIR_OXIGENO
[INFO] 10:04:17:599 mongostore/(9072:9299): tid 3  Se mueve de 5|5 a 5|6
[INFO] 10:04:18:599 mongostore/(9072:9299): tid 3  Comienza ejecucion de tarea ABC
[INFO] 10:04:19:600 mongostore/(9072:9297): tid 2  Se finaliza la tarea CONSUMIR_OXIGENO
[INFO] 10:04:22:600 mongostore/(9072:9299): tid 3  Se finaliza la tarea ABC
[INFO] 10:04:23:601 mongostore/(9072:9299): tid 3  Se mueve de 5|6 a 4|6
[INFO] 10:04:25:602 mongostore/(9072:9299): tid 3  Se mueve de 4|6 a 4|5
[INFO] 10:04:27:602 mongostore/(9072:9299): tid 3  Se mueve de 4|5 a 3|5
[INFO] 10:04:29:603 mongostore/(9072:9299): tid 3  Se mueve de 3|5 a 3|4
[INFO] 10:04:31:604 mongostore/(9072:9299): tid 3  Se mueve de 3|4 a 3|3
[INFO] 10:04:32:604 mongostore/(9072:9299): tarea CONSUMIR_OXIGENO  param 2
[INFO] 10:04:33:605 mongostore/(9072:9299): tid 3  Comienza ejecucion de tarea CONSUMIR_OXIGENO
[INFO] 10:04:37:605 mongostore/(9072:9299): tid 3  Se finaliza la tarea CONSUMIR_OXIGENO
[ERROR] 10:04:43:736 mongostore/(9072:9269): el discordiador finalizo el programa. Terminando servidor
[INFO] 10:04:43:737 mongostore/(9072:9269): aaaaaaAAAAA
[DEBUG] 10:05:04:719 mongostore/(9349:9349): LOGGER OK
[INFO] 10:05:04:719 mongostore/(9349:9349): Configuracion leida y almacenada en "configuracion"
[DEBUG] 10:05:04:719 mongostore/(9349:9349): Testeo config, la IP es: 127.0.0.1
[DEBUG] 10:05:04:719 mongostore/(9349:9349): I-Se ingresa a superbloque_generar_estructura_desde_archivo
[DEBUG] 10:05:04:720 mongostore/(9349:9349): IO-Al salir de superbloque_asignar_memoria_a_bitmap se tiene bitmap_size 4096
[DEBUG] 10:05:04:720 mongostore/(9349:9349): O-Superbloque generado desde archivo
[INFO] 10:05:04:720 mongostore/(9349:9349): Existencia de SuperBloque validada: estructura en memoria, archivo y mapeo a memoria para actualizacion
[DEBUG] 10:05:04:720 mongostore/(9349:9349): I-Se ingresa a blocks_mapear_archivo_a_memoria
[DEBUG] 10:05:04:720 mongostore/(9349:9349): O-Blocks mapeado del archivo a la memoria
[INFO] 10:05:04:720 mongostore/(9349:9349): Existencia de Blocks validada
[DEBUG] 10:05:04:721 mongostore/(9349:9349): Directorios del File System confirmados
[INFO] 10:05:04:721 mongostore/(9349:9349): File System iniciado
[INFO] 10:05:04:721 mongostore/(9349:9349): pid 9349  

[INFO] 10:05:04:721 mongostore/(9349:9351): Servidor iniciando 2
[INFO] 10:05:04:721 mongostore/(9349:9351): Servidor Mongo2 encendido
[INFO] 10:05:04:721 mongostore/(9349:9350): Servidor iniciando
[INFO] 10:05:04:721 mongostore/(9349:9350): Servidor Mongo encendido
[INFO] 10:05:15:502 mongostore/(9349:9350): Estableciendo conexión desde 9351
[INFO] 10:05:15:502 mongostore/(9349:9350): Creando hilo
[INFO] 10:05:15:503 mongostore/(9349:9351): 2 Estableciendo conexión desde 5841
[INFO] 10:05:15:503 mongostore/(9349:9351): 2 Creando hilo
[INFO] 10:05:15:507 mongostore/(9349:9371): Se conecto este socket a mi 8
[INFO] 10:05:15:507 mongostore/(9349:9372): funcionx
[INFO] 10:05:24:954 mongostore/(9349:9350): Estableciendo conexión desde 10887
[INFO] 10:05:24:954 mongostore/(9349:9350): Creando hilo
[INFO] 10:05:24:957 mongostore/(9349:9392): Se conecto este socket a mi 9
[INFO] 10:05:24:957 mongostore/(9349:9350): Estableciendo conexión desde 11911
[INFO] 10:05:24:958 mongostore/(9349:9350): Creando hilo
[INFO] 10:05:24:958 mongostore/(9349:9394): Se conecto este socket a mi 10
[INFO] 10:05:25:958 mongostore/(9349:9392): tid 1  Se mueve de 2|2 a 3|2
[INFO] 10:05:26:958 mongostore/(9349:9394): tid 2  Se mueve de 2|2 a 3|2
[INFO] 10:05:27:959 mongostore/(9349:9392): tid 1  Se mueve de 3|2 a 3|3
[INFO] 10:05:28:959 mongostore/(9349:9394): tid 2  Se mueve de 3|2 a 3|3
[INFO] 10:05:29:959 mongostore/(9349:9392): tid 1  Se mueve de 3|3 a 4|3
[INFO] 10:05:30:960 mongostore/(9349:9394): tid 2  Se mueve de 3|3 a 4|3
[INFO] 10:05:31:960 mongostore/(9349:9392): tid 1  Se mueve de 4|3 a 4|4
[INFO] 10:05:32:960 mongostore/(9349:9394): tid 2  Se mueve de 4|3 a 4|4
[INFO] 10:05:32:961 mongostore/(9349:9392): tarea GENERAR_OXIGENO  param 5
[INFO] 10:05:33:961 mongostore/(9349:9394): tarea GENERAR_OXIGENO  param 5
[INFO] 10:05:33:961 mongostore/(9349:9392): tid 1  Comienza ejecucion de tarea GENERAR_OXIGENO
[INFO] 10:05:34:962 mongostore/(9349:9392): tid 1  Se finaliza la tarea GENERAR_OXIGENO
[INFO] 10:05:34:962 mongostore/(9349:9394): tid 2  Comienza ejecucion de tarea GENERAR_OXIGENO
[INFO] 10:05:35:963 mongostore/(9349:9394): tid 2  Se finaliza la tarea GENERAR_OXIGENO
[INFO] 10:05:35:963 mongostore/(9349:9392): tid 1  Se mueve de 4|4 a 5|4
[INFO] 10:05:36:963 mongostore/(9349:9394): tid 2  Se mueve de 4|4 a 5|4
[INFO] 10:05:37:963 mongostore/(9349:9392): tid 1  Se mueve de 5|4 a 5|5
[INFO] 10:05:38:964 mongostore/(9349:9394): tid 2  Se mueve de 5|4 a 5|5
[INFO] 10:05:39:964 mongostore/(9349:9392): tid 1  Se mueve de 5|5 a 5|6
[INFO] 10:05:40:965 mongostore/(9349:9392): tid 1  Comienza ejecucion de tarea ABC
[INFO] 10:05:40:965 mongostore/(9349:9394): tid 2  Se mueve de 5|5 a 5|6
[INFO] 10:05:41:965 mongostore/(9349:9394): tid 2  Comienza ejecucion de tarea ABC
[INFO] 10:05:44:966 mongostore/(9349:9392): tid 1  Se finaliza la tarea ABC
[INFO] 10:05:45:967 mongostore/(9349:9394): tid 2  Se finaliza la tarea ABC
[INFO] 10:05:45:967 mongostore/(9349:9392): tid 1  Se mueve de 5|6 a 4|6
[INFO] 10:05:46:968 mongostore/(9349:9394): tid 2  Se mueve de 5|6 a 4|6
[INFO] 10:05:47:968 mongostore/(9349:9392): tid 1  Se mueve de 4|6 a 4|5
[INFO] 10:05:48:969 mongostore/(9349:9394): tid 2  Se mueve de 4|6 a 4|5
[INFO] 10:05:49:969 mongostore/(9349:9392): tid 1  Se mueve de 4|5 a 3|5
[INFO] 10:05:50:969 mongostore/(9349:9394): tid 2  Se mueve de 4|5 a 3|5
[INFO] 10:05:51:970 mongostore/(9349:9392): tid 1  Se mueve de 3|5 a 3|4
[INFO] 10:05:52:970 mongostore/(9349:9394): tid 2  Se mueve de 3|5 a 3|4
[INFO] 10:05:53:971 mongostore/(9349:9392): tid 1  Se mueve de 3|4 a 3|3
[INFO] 10:05:54:971 mongostore/(9349:9394): tid 2  Se mueve de 3|4 a 3|3
[INFO] 10:05:54:971 mongostore/(9349:9392): tarea CONSUMIR_OXIGENO  param 2
[INFO] 10:05:55:971 mongostore/(9349:9394): tarea CONSUMIR_OXIGENO  param 2
[INFO] 10:05:55:972 mongostore/(9349:9392): tid 1  Comienza ejecucion de tarea CONSUMIR_OXIGENO
[INFO] 10:05:59:972 mongostore/(9349:9392): tid 1  Se finaliza la tarea CONSUMIR_OXIGENO
[INFO] 10:05:59:973 mongostore/(9349:9394): tid 2  Comienza ejecucion de tarea CONSUMIR_OXIGENO
[INFO] 10:06:03:974 mongostore/(9349:9394): tid 2  Se finaliza la tarea CONSUMIR_OXIGENO
