[INFO] 13:37:00:081 Mongo1/(955:956): Servidor MongoStore iniciando
[INFO] 13:37:00:082 Mongo1/(955:956): Servidor MongoStore encendido
[INFO] 13:37:09:088 Mongo1/(955:956): Estableciendo conexión desde 7884
[INFO] 13:37:09:089 Mongo1/(955:956): Creando hilo
[INFO] 13:41:36:870 Mongo1/(1063:1064): Servidor MongoStore iniciando
[INFO] 13:41:36:872 Mongo1/(1063:1064): Servidor MongoStore encendido
[INFO] 13:41:50:856 Mongo1/(1063:1064): Estableciendo conexión desde 26828
[INFO] 13:41:50:856 Mongo1/(1063:1064): Creando hilo
[INFO] 13:44:04:888 Mongo1/(1127:1128): Servidor MongoStore iniciando
[INFO] 13:44:04:889 Mongo1/(1127:1128): Servidor MongoStore encendido
[INFO] 13:44:11:015 Mongo1/(1127:1128): Estableciendo conexión desde 30924
[INFO] 13:44:11:016 Mongo1/(1127:1128): Creando hilo
[INFO] 14:47:56:173 Mongo1/(1950:1951): Servidor MongoStore iniciando
[INFO] 14:47:56:174 Mongo1/(1950:1951): Servidor MongoStore encendido
[INFO] 14:48:00:825 Mongo1/(1950:1951): Estableciendo conexión desde 51916
[INFO] 14:48:00:825 Mongo1/(1950:1951): Creando hilo
[INFO] 14:49:43:280 Mongo1/(2007:2008): Servidor MongoStore iniciando
[INFO] 14:49:43:280 Mongo1/(2007:2008): Servidor MongoStore encendido
[INFO] 14:49:47:199 Mongo1/(2007:2008): Estableciendo conexión desde 56012
[INFO] 14:49:47:200 Mongo1/(2007:2008): Creando hilo
[INFO] 14:53:38:381 Mongo1/(2188:2189): Servidor MongoStore iniciando
[INFO] 14:53:38:381 Mongo1/(2188:2189): Servidor MongoStore encendido
[INFO] 14:53:41:658 Mongo1/(2188:2189): Estableciendo conexión desde 60620
[INFO] 14:53:41:659 Mongo1/(2188:2189): Creando hilo
[INFO] 14:53:57:082 Mongo1/(2217:2218): Servidor MongoStore iniciando
[INFO] 14:53:57:082 Mongo1/(2217:2218): Servidor MongoStore encendido
[INFO] 14:54:43:440 Mongo1/(2217:2218): Estableciendo conexión desde 62668
[INFO] 14:54:43:442 Mongo1/(2217:2218): Creando hilo
[INFO] 14:54:59:983 Mongo1/(2293:2294): Servidor MongoStore iniciando
[INFO] 14:54:59:983 Mongo1/(2293:2294): Servidor MongoStore encendido
[INFO] 14:55:04:742 Mongo1/(2293:2294): Estableciendo conexión desde 63692
[INFO] 14:55:04:742 Mongo1/(2293:2294): Creando hilo
[INFO] 14:56:02:414 Mongo1/(2342:2343): Servidor MongoStore iniciando
[INFO] 14:56:02:415 Mongo1/(2342:2343): Servidor MongoStore encendido
[INFO] 14:56:07:570 Mongo1/(2342:2343): Estableciendo conexión desde 717
[INFO] 14:56:07:570 Mongo1/(2342:2343): Creando hilo
[INFO] 14:56:17:325 Mongo1/(2384:2385): Servidor MongoStore iniciando
[INFO] 14:56:17:325 Mongo1/(2384:2385): Servidor MongoStore encendido
[INFO] 14:56:21:164 Mongo1/(2384:2385): Estableciendo conexión desde 1741
[INFO] 14:56:21:164 Mongo1/(2384:2385): Creando hilo
[INFO] 14:57:35:430 Mongo1/(2462:2463): Servidor MongoStore iniciando
[INFO] 14:57:35:431 Mongo1/(2462:2463): Servidor MongoStore encendido
[INFO] 14:57:39:464 Mongo1/(2462:2463): Estableciendo conexión desde 3789
[INFO] 14:57:39:464 Mongo1/(2462:2463): Creando hilo
[INFO] 14:58:10:732 Mongo1/(2532:2533): Servidor MongoStore iniciando
[INFO] 14:58:10:732 Mongo1/(2532:2533): Servidor MongoStore encendido
[INFO] 14:58:16:052 Mongo1/(2532:2533): Estableciendo conexión desde 6349
[INFO] 14:58:16:054 Mongo1/(2532:2533): Creando hilo
[INFO] 14:58:22:959 Mongo1/(2566:2567): Servidor MongoStore iniciando
[INFO] 14:58:22:961 Mongo1/(2566:2567): Servidor MongoStore encendido
[INFO] 14:58:31:233 Mongo1/(2566:2567): Estableciendo conexión desde 7373
[INFO] 14:58:31:234 Mongo1/(2566:2567): Creando hilo
[INFO] 14:58:41:518 Mongo1/(2613:2616): Servidor MongoStore iniciando
[INFO] 14:58:41:518 Mongo1/(2613:2616): Servidor MongoStore encendido
[INFO] 14:58:46:190 Mongo1/(2613:2616): Estableciendo conexión desde 8397
[INFO] 14:58:46:191 Mongo1/(2613:2616): Creando hilo
[INFO] 14:59:20:482 Mongo1/(2643:2644): Servidor MongoStore iniciando
[INFO] 14:59:20:482 Mongo1/(2643:2644): Servidor MongoStore encendido
[INFO] 14:59:24:112 Mongo1/(2643:2644): Estableciendo conexión desde 9421
[INFO] 14:59:24:112 Mongo1/(2643:2644): Creando hilo
[INFO] 14:59:58:802 Mongo1/(2693:2694): Servidor MongoStore iniciando
[INFO] 14:59:58:802 Mongo1/(2693:2694): Servidor MongoStore encendido
[INFO] 15:00:03:718 Mongo1/(2693:2694): Estableciendo conexión desde 11981
[INFO] 15:00:03:718 Mongo1/(2693:2694): Creando hilo
[INFO] 15:00:57:458 Mongo1/(2731:2732): Servidor MongoStore iniciando
[INFO] 15:00:57:459 Mongo1/(2731:2732): Servidor MongoStore encendido
[INFO] 15:01:02:090 Mongo1/(2731:2732): Estableciendo conexión desde 13005
[INFO] 15:01:02:090 Mongo1/(2731:2732): Creando hilo
[INFO] 15:03:51:427 Mongo1/(2847:2848): Servidor MongoStore iniciando
[INFO] 15:03:51:428 Mongo1/(2847:2848): Servidor MongoStore encendido
[INFO] 15:03:54:832 Mongo1/(2847:2848): Estableciendo conexión desde 17101
[INFO] 15:03:54:832 Mongo1/(2847:2848): Creando hilo
[INFO] 15:10:00:010 Mongo1/(3022:3023): Servidor MongoStore iniciando
[INFO] 15:10:00:010 Mongo1/(3022:3023): Servidor MongoStore encendido
[INFO] 15:10:03:955 Mongo1/(3022:3023): Estableciendo conexión desde 20685
[INFO] 15:10:03:955 Mongo1/(3022:3023): Creando hilo
[INFO] 15:10:22:819 Mongo1/(3064:3065): Servidor MongoStore iniciando
[INFO] 15:10:22:820 Mongo1/(3064:3065): Servidor MongoStore encendido
[INFO] 15:10:26:476 Mongo1/(3064:3065): Estableciendo conexión desde 22733
[INFO] 15:10:26:478 Mongo1/(3064:3065): Creando hilo
[INFO] 15:11:41:204 Mongo1/(3145:3146): Servidor MongoStore iniciando
[INFO] 15:11:41:204 Mongo1/(3145:3146): Servidor MongoStore encendido
[INFO] 15:11:45:152 Mongo1/(3145:3146): Estableciendo conexión desde 24269
[INFO] 15:11:45:152 Mongo1/(3145:3146): Creando hilo
[INFO] 15:12:22:033 Mongo1/(3191:3192): Servidor MongoStore iniciando
[INFO] 15:12:22:033 Mongo1/(3191:3192): Servidor MongoStore encendido
[INFO] 15:12:25:937 Mongo1/(3191:3192): Estableciendo conexión desde 26317
[INFO] 15:12:25:937 Mongo1/(3191:3192): Creando hilo
[INFO] 15:14:16:181 Mongo1/(3253:3254): Servidor MongoStore iniciando
[INFO] 15:14:16:181 Mongo1/(3253:3254): Servidor MongoStore encendido
[INFO] 15:14:20:671 Mongo1/(3253:3254): Estableciendo conexión desde 28877
[INFO] 15:14:20:674 Mongo1/(3253:3254): Creando hilo
[INFO] 15:15:37:537 Mongo1/(3315:3316): Servidor MongoStore iniciando
[INFO] 15:15:37:537 Mongo1/(3315:3316): Servidor MongoStore encendido
[INFO] 15:15:42:643 Mongo1/(3315:3316): Estableciendo conexión desde 31437
[INFO] 15:15:42:644 Mongo1/(3315:3316): Creando hilo
[INFO] 15:17:34:705 Mongo1/(3367:3368): Servidor MongoStore iniciando
[INFO] 15:17:34:706 Mongo1/(3367:3368): Servidor MongoStore encendido
[INFO] 15:17:37:986 Mongo1/(3367:3368): Estableciendo conexión desde 33485
[INFO] 15:17:37:986 Mongo1/(3367:3368): Creando hilo
[INFO] 15:20:21:192 Mongo1/(3439:3440): Servidor MongoStore iniciando
[INFO] 15:20:21:192 Mongo1/(3439:3440): Servidor MongoStore encendido
[INFO] 15:20:26:077 Mongo1/(3439:3440): Estableciendo conexión desde 36557
[INFO] 15:20:26:077 Mongo1/(3439:3440): Creando hilo
[INFO] 15:23:12:616 Mongo1/(3508:3509): Servidor MongoStore iniciando
[INFO] 15:23:12:616 Mongo1/(3508:3509): Servidor MongoStore encendido
[INFO] 15:23:16:400 Mongo1/(3508:3509): Estableciendo conexión desde 39117
[INFO] 15:23:16:400 Mongo1/(3508:3509): Creando hilo
[INFO] 15:25:53:773 Mongo1/(3574:3575): Servidor MongoStore iniciando
[INFO] 15:25:53:773 Mongo1/(3574:3575): Servidor MongoStore encendido
[INFO] 15:25:57:870 Mongo1/(3574:3575): Estableciendo conexión desde 42189
[INFO] 15:25:57:871 Mongo1/(3574:3575): Creando hilo
[INFO] 15:27:29:906 Mongo1/(3625:3626): Servidor MongoStore iniciando
[INFO] 15:27:29:906 Mongo1/(3625:3626): Servidor MongoStore encendido
[INFO] 15:27:34:015 Mongo1/(3625:3626): Estableciendo conexión desde 44237
[INFO] 15:27:34:015 Mongo1/(3625:3626): Creando hilo
[INFO] 15:31:07:253 Mongo1/(3681:3682): Servidor MongoStore iniciando
[INFO] 15:31:07:253 Mongo1/(3681:3682): Servidor MongoStore encendido
[INFO] 15:31:11:030 Mongo1/(3681:3682): Estableciendo conexión desde 47309
[INFO] 15:31:11:030 Mongo1/(3681:3682): Creando hilo
[INFO] 15:32:41:290 Mongo1/(3735:3736): Servidor MongoStore iniciando
[INFO] 15:32:41:291 Mongo1/(3735:3736): Servidor MongoStore encendido
[INFO] 15:32:45:064 Mongo1/(3735:3736): Estableciendo conexión desde 49869
[INFO] 15:32:45:064 Mongo1/(3735:3736): Creando hilo
[INFO] 15:38:28:018 Mongo1/(3841:3842): Servidor MongoStore iniciando
[INFO] 15:38:28:018 Mongo1/(3841:3842): Servidor MongoStore encendido
[INFO] 15:38:32:084 Mongo1/(3841:3842): Estableciendo conexión desde 53453
[INFO] 15:38:32:084 Mongo1/(3841:3842): Creando hilo
[INFO] 15:40:39:355 Mongo1/(3911:3912): Servidor MongoStore iniciando
[INFO] 15:40:39:355 Mongo1/(3911:3912): Servidor MongoStore encendido
[INFO] 15:40:43:857 Mongo1/(3911:3912): Estableciendo conexión desde 56013
[INFO] 15:40:43:858 Mongo1/(3911:3912): Creando hilo
[INFO] 15:41:32:816 Mongo1/(3961:3962): Servidor MongoStore iniciando
[INFO] 15:41:32:816 Mongo1/(3961:3962): Servidor MongoStore encendido
[INFO] 15:41:36:444 Mongo1/(3961:3962): Estableciendo conexión desde 59085
[INFO] 15:41:36:444 Mongo1/(3961:3962): Creando hilo
[INFO] 15:42:26:524 Mongo1/(4047:4048): Servidor MongoStore iniciando
[INFO] 15:42:26:524 Mongo1/(4047:4048): Servidor MongoStore encendido
[INFO] 15:42:37:001 Mongo1/(4047:4048): Estableciendo conexión desde 63181
[INFO] 15:42:37:001 Mongo1/(4047:4048): Creando hilo
[INFO] 15:43:52:898 Mongo1/(4111:4112): Servidor MongoStore iniciando
[INFO] 15:43:52:899 Mongo1/(4111:4112): Servidor MongoStore encendido
[INFO] 15:43:57:773 Mongo1/(4111:4112): Estableciendo conexión desde 1742
[INFO] 15:43:57:773 Mongo1/(4111:4112): Creando hilo
[INFO] 15:47:55:994 Mongo1/(4192:4193): Servidor MongoStore iniciando
[INFO] 15:47:55:994 Mongo1/(4192:4193): Servidor MongoStore encendido
[INFO] 15:48:00:038 Mongo1/(4192:4193): Estableciendo conexión desde 6350
[INFO] 15:48:00:038 Mongo1/(4192:4193): Creando hilo
[INFO] 15:53:29:209 Mongo1/(4443:4444): Servidor MongoStore iniciando
[INFO] 15:53:29:210 Mongo1/(4443:4444): Servidor MongoStore encendido
[INFO] 15:53:33:520 Mongo1/(4443:4444): Estableciendo conexión desde 10958
[INFO] 15:53:33:521 Mongo1/(4443:4444): Creando hilo
[INFO] 16:05:23:092 Mongo1/(4596:4597): Servidor MongoStore iniciando
[INFO] 16:05:23:092 Mongo1/(4596:4597): Servidor MongoStore encendido
[INFO] 16:05:31:964 Mongo1/(4596:4597): Estableciendo conexión desde 17614
[INFO] 16:05:31:966 Mongo1/(4596:4597): Creando hilo
[INFO] 16:20:34:178 Mongo1/(5202:5203): Servidor MongoStore iniciando
[INFO] 16:20:34:180 Mongo1/(5202:5203): Servidor MongoStore encendido
[INFO] 16:21:10:455 Mongo1/(5202:5203): Estableciendo conexión desde 26318
[INFO] 16:21:10:459 Mongo1/(5202:5203): Creando hilo
[INFO] 16:22:56:728 Mongo1/(5292:5293): Servidor MongoStore iniciando
[INFO] 16:22:56:729 Mongo1/(5292:5293): Servidor MongoStore encendido
[INFO] 16:23:01:538 Mongo1/(5292:5293): Estableciendo conexión desde 28366
[INFO] 16:23:01:539 Mongo1/(5292:5293): Creando hilo
[INFO] 16:23:33:194 Mongo1/(5351:5352): Servidor MongoStore iniciando
[INFO] 16:23:33:195 Mongo1/(5351:5352): Servidor MongoStore encendido
[INFO] 16:23:37:806 Mongo1/(5351:5352): Estableciendo conexión desde 29902
[INFO] 16:23:37:807 Mongo1/(5351:5352): Creando hilo
[INFO] 16:24:16:422 Mongo1/(5432:5433): Servidor MongoStore iniciando
[INFO] 16:24:16:423 Mongo1/(5432:5433): Servidor MongoStore encendido
[INFO] 16:24:19:737 Mongo1/(5432:5433): Estableciendo conexión desde 31950
[INFO] 16:24:19:738 Mongo1/(5432:5433): Creando hilo
[INFO] 16:26:28:497 Mongo1/(5499:5500): Servidor MongoStore iniciando
[INFO] 16:26:28:497 Mongo1/(5499:5500): Servidor MongoStore encendido
[INFO] 16:26:33:370 Mongo1/(5499:5500): Estableciendo conexión desde 34510
[INFO] 16:26:33:371 Mongo1/(5499:5500): Creando hilo
[INFO] 16:30:50:056 Mongo1/(5638:5639): Servidor MongoStore iniciando
[INFO] 16:30:50:057 Mongo1/(5638:5639): Servidor MongoStore encendido
[INFO] 16:30:55:042 Mongo1/(5638:5639): Estableciendo conexión desde 39118
[INFO] 16:30:55:043 Mongo1/(5638:5639): Creando hilo
[INFO] 16:33:04:211 Mongo1/(5711:5712): Servidor MongoStore iniciando
[INFO] 16:33:04:211 Mongo1/(5711:5712): Servidor MongoStore encendido
[INFO] 16:33:08:545 Mongo1/(5711:5712): Estableciendo conexión desde 41678
[INFO] 16:33:08:550 Mongo1/(5711:5712): Creando hilo
[INFO] 16:35:15:355 Mongo1/(5770:5771): Servidor MongoStore iniciando
[INFO] 16:35:15:355 Mongo1/(5770:5771): Servidor MongoStore encendido
[INFO] 16:35:19:932 Mongo1/(5770:5771): Estableciendo conexión desde 44238
[INFO] 16:35:19:932 Mongo1/(5770:5771): Creando hilo
[INFO] 16:36:46:858 Mongo1/(5867:5868): Servidor MongoStore iniciando
[INFO] 16:36:46:858 Mongo1/(5867:5868): Servidor MongoStore encendido
[INFO] 16:36:51:733 Mongo1/(5867:5868): Estableciendo conexión desde 46798
[INFO] 16:36:51:735 Mongo1/(5867:5868): Creando hilo
[INFO] 16:38:27:061 Mongo1/(5965:5966): Servidor MongoStore iniciando
[INFO] 16:38:27:062 Mongo1/(5965:5966): Servidor MongoStore encendido
[INFO] 16:38:31:953 Mongo1/(5965:5966): Estableciendo conexión desde 49358
[INFO] 16:38:31:953 Mongo1/(5965:5966): Creando hilo
[INFO] 16:55:38:873 Mongo1/(6403:6404): Servidor MongoStore iniciando
[INFO] 16:55:38:873 Mongo1/(6403:6404): Servidor MongoStore encendido
[INFO] 16:55:47:693 Mongo1/(6403:6404): Estableciendo conexión desde 57550
[INFO] 16:55:47:693 Mongo1/(6403:6404): Creando hilo
[INFO] 16:57:15:137 Mongo1/(6469:6470): Servidor MongoStore iniciando
[INFO] 16:57:15:138 Mongo1/(6469:6470): Servidor MongoStore encendido
[INFO] 16:57:19:285 Mongo1/(6469:6470): Estableciendo conexión desde 61134
[INFO] 16:57:19:286 Mongo1/(6469:6470): Creando hilo
[INFO] 16:58:24:982 Mongo1/(6515:6516): Servidor MongoStore iniciando
[INFO] 16:58:24:983 Mongo1/(6515:6516): Servidor MongoStore encendido
[INFO] 16:58:28:889 Mongo1/(6515:6516): Estableciendo conexión desde 65230
[INFO] 16:58:28:890 Mongo1/(6515:6516): Creando hilo
[INFO] 17:00:14:323 Mongo1/(6568:6569): Servidor MongoStore iniciando
[INFO] 17:00:14:324 Mongo1/(6568:6569): Servidor MongoStore encendido
[INFO] 17:00:18:203 Mongo1/(6568:6569): Estableciendo conexión desde 3791
[INFO] 17:00:18:205 Mongo1/(6568:6569): Creando hilo
[INFO] 17:01:58:194 Mongo1/(6636:6637): Servidor MongoStore iniciando
[INFO] 17:01:58:194 Mongo1/(6636:6637): Servidor MongoStore encendido
[INFO] 17:02:03:160 Mongo1/(6636:6637): Estableciendo conexión desde 7887
[INFO] 17:02:03:160 Mongo1/(6636:6637): Creando hilo
[INFO] 17:03:39:664 Mongo1/(6736:6737): Servidor MongoStore iniciando
[INFO] 17:03:39:665 Mongo1/(6736:6737): Servidor MongoStore encendido
[INFO] 17:03:44:914 Mongo1/(6736:6737): Estableciendo conexión desde 11983
[INFO] 17:03:44:919 Mongo1/(6736:6737): Creando hilo
[INFO] 17:05:48:030 Mongo1/(6840:6841): Servidor MongoStore iniciando
[INFO] 17:05:48:031 Mongo1/(6840:6841): Servidor MongoStore encendido
[INFO] 17:05:52:374 Mongo1/(6840:6841): Estableciendo conexión desde 16079
[INFO] 17:05:52:377 Mongo1/(6840:6841): Creando hilo
[INFO] 17:25:38:232 Mongo1/(7043:7044): Servidor MongoStore iniciando
[INFO] 17:25:38:233 Mongo1/(7043:7044): Servidor MongoStore encendido
[INFO] 17:26:00:807 Mongo1/(7043:7044): Estableciendo conexión desde 24783
[INFO] 17:26:00:808 Mongo1/(7043:7044): Creando hilo
[INFO] 17:28:24:638 Mongo1/(7141:7142): Servidor MongoStore iniciando
[INFO] 17:28:24:638 Mongo1/(7141:7142): Servidor MongoStore encendido
[INFO] 17:28:30:001 Mongo1/(7141:7142): Estableciendo conexión desde 28879
[INFO] 17:28:30:002 Mongo1/(7141:7142): Creando hilo
[INFO] 17:44:13:806 Mongo1/(7769:7770): Servidor MongoStore iniciando
[INFO] 17:44:13:807 Mongo1/(7769:7770): Servidor MongoStore encendido
[INFO] 17:44:32:801 Mongo1/(7769:7770): Estableciendo conexión desde 36559
[INFO] 17:44:32:802 Mongo1/(7769:7770): Creando hilo
[INFO] 17:45:58:409 Mongo1/(7822:7823): Servidor MongoStore iniciando
[INFO] 17:45:58:410 Mongo1/(7822:7823): Servidor MongoStore encendido
[INFO] 17:46:04:475 Mongo1/(7822:7823): Estableciendo conexión desde 40655
[INFO] 17:46:04:475 Mongo1/(7822:7823): Creando hilo
[INFO] 17:49:31:636 Mongo1/(7883:7884): Servidor MongoStore iniciando
[INFO] 17:49:31:637 Mongo1/(7883:7884): Servidor MongoStore encendido
[INFO] 17:49:41:184 Mongo1/(7883:7884): Estableciendo conexión desde 47311
[INFO] 17:49:41:185 Mongo1/(7883:7884): Creando hilo
[INFO] 17:51:37:720 Mongo1/(7972:7973): Servidor MongoStore iniciando
[INFO] 17:51:37:720 Mongo1/(7972:7973): Servidor MongoStore encendido
[INFO] 17:51:42:846 Mongo1/(7972:7973): Estableciendo conexión desde 53967
[INFO] 17:51:42:846 Mongo1/(7972:7973): Creando hilo
[INFO] 17:53:13:418 Mongo1/(8041:8042): Servidor MongoStore iniciando
[INFO] 17:53:13:419 Mongo1/(8041:8042): Servidor MongoStore encendido
[INFO] 17:53:17:903 Mongo1/(8041:8042): Estableciendo conexión desde 60623
[INFO] 17:53:17:906 Mongo1/(8041:8042): Creando hilo
[INFO] 18:10:26:225 Mongo1/(8234:8235): Servidor MongoStore iniciando
[INFO] 18:10:26:226 Mongo1/(8234:8235): Servidor MongoStore encendido
[INFO] 18:10:34:260 Mongo1/(8234:8235): Estableciendo conexión desde 5840
[INFO] 18:10:34:261 Mongo1/(8234:8235): Creando hilo
[INFO] 18:13:23:334 Mongo1/(8350:8351): Servidor MongoStore iniciando
[INFO] 18:13:23:335 Mongo1/(8350:8351): Servidor MongoStore encendido
[INFO] 18:13:30:576 Mongo1/(8350:8351): Estableciendo conexión desde 12496
[INFO] 18:13:30:578 Mongo1/(8350:8351): Creando hilo
[INFO] 18:16:33:156 Mongo1/(8440:8441): Servidor MongoStore iniciando
[INFO] 18:16:33:157 Mongo1/(8440:8441): Servidor MongoStore encendido
[INFO] 18:16:38:987 Mongo1/(8440:8441): Estableciendo conexión desde 19664
[INFO] 18:16:38:988 Mongo1/(8440:8441): Creando hilo
[INFO] 20:04:39:422 Mongo1/(9824:9825): Servidor MongoStore iniciando
[INFO] 20:04:39:423 Mongo1/(9824:9825): Servidor MongoStore encendido
[INFO] 20:04:47:245 Mongo1/(9824:9825): Estableciendo conexión desde 43216
[INFO] 20:04:47:250 Mongo1/(9824:9825): Creando hilo
[INFO] 20:11:35:881 Mongo1/(9932:9933): Servidor MongoStore iniciando
[INFO] 20:11:35:882 Mongo1/(9932:9933): Servidor MongoStore encendido
[INFO] 20:13:52:295 Mongo1/(9932:9933): Estableciendo conexión desde 51408
[INFO] 20:13:52:298 Mongo1/(9932:9933): Creando hilo
[INFO] 20:27:54:017 Mongo1/(10261:10262): Servidor MongoStore iniciando
[INFO] 20:27:54:018 Mongo1/(10261:10262): Servidor MongoStore encendido
[INFO] 20:28:02:286 Mongo1/(10261:10262): Estableciendo conexión desde 61136
[INFO] 20:28:02:287 Mongo1/(10261:10262): Creando hilo
[INFO] 20:31:38:042 Mongo1/(10381:10382): Servidor MongoStore iniciando
[INFO] 20:31:38:042 Mongo1/(10381:10382): Servidor MongoStore encendido
[INFO] 20:31:55:361 Mongo1/(10381:10382): Estableciendo conexión desde 63184
[INFO] 20:31:55:361 Mongo1/(10381:10382): Creando hilo
[INFO] 20:35:13:646 Mongo1/(10453:10454): Servidor MongoStore iniciando
[INFO] 20:35:13:647 Mongo1/(10453:10454): Servidor MongoStore encendido
[INFO] 20:35:18:886 Mongo1/(10453:10454): Estableciendo conexión desde 2257
[INFO] 20:35:18:886 Mongo1/(10453:10454): Creando hilo
[INFO] 20:40:58:387 Mongo1/(10535:10536): Servidor MongoStore iniciando
[INFO] 20:40:58:387 Mongo1/(10535:10536): Servidor MongoStore encendido
[INFO] 20:41:11:076 Mongo1/(10535:10536): Estableciendo conexión desde 6865
[INFO] 20:41:11:077 Mongo1/(10535:10536): Creando hilo
[INFO] 20:45:05:115 Mongo1/(10597:10598): Servidor MongoStore iniciando
[INFO] 20:45:05:115 Mongo1/(10597:10598): Servidor MongoStore encendido
[INFO] 20:45:10:162 Mongo1/(10597:10598): Estableciendo conexión desde 11473
[INFO] 20:45:10:163 Mongo1/(10597:10598): Creando hilo
[INFO] 20:47:53:131 Mongo1/(10644:10645): Servidor MongoStore iniciando
[INFO] 20:47:53:131 Mongo1/(10644:10645): Servidor MongoStore encendido
[INFO] 20:47:58:281 Mongo1/(10644:10645): Estableciendo conexión desde 16081
[INFO] 20:47:58:282 Mongo1/(10644:10645): Creando hilo
[INFO] 20:49:44:561 Mongo1/(10687:10688): Servidor MongoStore iniciando
[INFO] 20:49:44:562 Mongo1/(10687:10688): Servidor MongoStore encendido
[INFO] 20:49:55:076 Mongo1/(10687:10688): Estableciendo conexión desde 34001
[INFO] 20:49:55:076 Mongo1/(10687:10688): Creando hilo
[INFO] 20:53:37:672 Mongo1/(10773:10774): Servidor MongoStore iniciando
[INFO] 20:53:37:673 Mongo1/(10773:10774): Servidor MongoStore encendido
[INFO] 20:53:44:279 Mongo1/(10773:10774): Estableciendo conexión desde 38609
[INFO] 20:53:44:294 Mongo1/(10773:10774): Creando hilo
[INFO] 20:57:52:665 Mongo1/(10872:10873): Servidor MongoStore iniciando
[INFO] 20:57:52:665 Mongo1/(10872:10873): Servidor MongoStore encendido
[INFO] 20:58:00:282 Mongo1/(10872:10873): Estableciendo conexión desde 43217
[INFO] 20:58:00:282 Mongo1/(10872:10873): Creando hilo
[INFO] 21:30:28:126 Mongo1/(11338:11339): Servidor MongoStore iniciando
[INFO] 21:30:28:127 Mongo1/(11338:11339): Servidor MongoStore encendido
[INFO] 21:30:33:061 Mongo1/(11338:11339): Estableciendo conexión desde 54993
[INFO] 21:30:33:064 Mongo1/(11338:11339): Creando hilo
[INFO] 21:35:52:457 Mongo1/(11425:11426): Servidor MongoStore iniciando
[INFO] 21:35:52:458 Mongo1/(11425:11426): Servidor MongoStore encendido
[INFO] 21:35:57:823 Mongo1/(11425:11426): Estableciendo conexión desde 60113
[INFO] 21:35:57:824 Mongo1/(11425:11426): Creando hilo
[INFO] 21:37:38:119 Mongo1/(11482:11483): Servidor MongoStore iniciando
[INFO] 21:37:38:119 Mongo1/(11482:11483): Servidor MongoStore encendido
[INFO] 21:37:42:030 Mongo1/(11482:11483): Estableciendo conexión desde 64209
[INFO] 21:37:42:031 Mongo1/(11482:11483): Creando hilo
[INFO] 21:39:46:174 Mongo1/(11533:11534): Servidor MongoStore iniciando
[INFO] 21:39:46:174 Mongo1/(11533:11534): Servidor MongoStore encendido
[INFO] 21:39:49:955 Mongo1/(11533:11534): Estableciendo conexión desde 2770
[INFO] 21:39:49:955 Mongo1/(11533:11534): Creando hilo
[INFO] 21:45:51:928 Mongo1/(11607:11608): Servidor MongoStore iniciando
[INFO] 21:45:51:928 Mongo1/(11607:11608): Servidor MongoStore encendido
[INFO] 21:45:56:236 Mongo1/(11607:11608): Estableciendo conexión desde 7890
[INFO] 21:45:56:236 Mongo1/(11607:11608): Creando hilo
[INFO] 22:00:32:940 Mongo1/(11861:11862): Servidor MongoStore iniciando
[INFO] 22:00:32:940 Mongo1/(11861:11862): Servidor MongoStore encendido
[INFO] 22:00:38:077 Mongo1/(11861:11862): Estableciendo conexión desde 15058
[INFO] 22:00:38:082 Mongo1/(11861:11862): Creando hilo
[INFO] 22:07:19:992 Mongo1/(11963:11964): Servidor MongoStore iniciando
[INFO] 22:07:19:992 Mongo1/(11963:11964): Servidor MongoStore encendido
[INFO] 22:07:24:904 Mongo1/(11963:11964): Estableciendo conexión desde 20690
[INFO] 22:07:24:906 Mongo1/(11963:11964): Creando hilo
[INFO] 22:12:21:111 Mongo1/(12042:12043): Servidor MongoStore iniciando
[INFO] 22:12:21:112 Mongo1/(12042:12043): Servidor MongoStore encendido
[INFO] 22:12:25:916 Mongo1/(12042:12043): Estableciendo conexión desde 25298
[INFO] 22:12:25:918 Mongo1/(12042:12043): Creando hilo
[INFO] 22:15:14:264 Mongo1/(12143:12144): Servidor MongoStore iniciando
[INFO] 22:15:14:264 Mongo1/(12143:12144): Servidor MongoStore encendido
[INFO] 22:15:18:887 Mongo1/(12143:12144): Estableciendo conexión desde 29906
[INFO] 22:15:18:887 Mongo1/(12143:12144): Creando hilo
[INFO] 22:22:25:589 Mongo1/(12265:12266): Servidor MongoStore iniciando
[INFO] 22:22:25:589 Mongo1/(12265:12266): Servidor MongoStore encendido
[INFO] 22:22:30:159 Mongo1/(12265:12266): Estableciendo conexión desde 35026
[INFO] 22:22:30:161 Mongo1/(12265:12266): Creando hilo
[INFO] 22:24:33:189 Mongo1/(12318:12319): Servidor MongoStore iniciando
[INFO] 22:24:33:189 Mongo1/(12318:12319): Servidor MongoStore encendido
[INFO] 22:24:36:950 Mongo1/(12318:12319): Estableciendo conexión desde 39122
[INFO] 22:24:36:951 Mongo1/(12318:12319): Creando hilo
[INFO] 22:27:02:646 Mongo1/(12387:12388): Servidor MongoStore iniciando
[INFO] 22:27:02:647 Mongo1/(12387:12388): Servidor MongoStore encendido
[INFO] 22:27:06:103 Mongo1/(12387:12388): Estableciendo conexión desde 43218
[INFO] 22:27:06:106 Mongo1/(12387:12388): Creando hilo
[INFO] 22:31:27:415 Mongo1/(12467:12468): Servidor MongoStore iniciando
[INFO] 22:31:27:415 Mongo1/(12467:12468): Servidor MongoStore encendido
[INFO] 22:31:38:715 Mongo1/(12467:12468): Estableciendo conexión desde 48338
[INFO] 22:31:38:726 Mongo1/(12467:12468): Creando hilo
[INFO] 22:35:17:566 Mongo1/(12554:12555): Servidor MongoStore iniciando
[INFO] 22:35:17:567 Mongo1/(12554:12555): Servidor MongoStore encendido
[INFO] 22:35:21:815 Mongo1/(12554:12555): Estableciendo conexión desde 52946
[INFO] 22:35:21:816 Mongo1/(12554:12555): Creando hilo
[INFO] 22:37:46:157 Mongo1/(12604:12605): Servidor MongoStore iniciando
[INFO] 22:37:46:158 Mongo1/(12604:12605): Servidor MongoStore encendido
[INFO] 22:37:50:259 Mongo1/(12604:12605): Estableciendo conexión desde 57042
[INFO] 22:37:50:260 Mongo1/(12604:12605): Creando hilo
[INFO] 22:40:20:567 Mongo1/(12665:12666): Servidor MongoStore iniciando
[INFO] 22:40:20:567 Mongo1/(12665:12666): Servidor MongoStore encendido
[INFO] 22:40:25:473 Mongo1/(12665:12666): Estableciendo conexión desde 61138
[INFO] 22:40:25:475 Mongo1/(12665:12666): Creando hilo
[INFO] 22:43:01:899 Mongo1/(12739:12740): Servidor MongoStore iniciando
[INFO] 22:43:01:899 Mongo1/(12739:12740): Servidor MongoStore encendido
[INFO] 22:43:07:947 Mongo1/(12739:12740): Estableciendo conexión desde 65234
[INFO] 22:43:07:948 Mongo1/(12739:12740): Creando hilo
[INFO] 22:47:34:106 Mongo1/(12840:12841): Servidor MongoStore iniciando
[INFO] 22:47:34:107 Mongo1/(12840:12841): Servidor MongoStore encendido
[INFO] 22:47:40:652 Mongo1/(12840:12841): Estableciendo conexión desde 7379
[INFO] 22:47:40:655 Mongo1/(12840:12841): Creando hilo
[INFO] 23:20:41:410 Mongo1/(13133:13134): Servidor MongoStore iniciando
[INFO] 23:20:41:410 Mongo1/(13133:13134): Servidor MongoStore encendido
[INFO] 23:20:54:588 Mongo1/(13133:13134): Estableciendo conexión desde 22227
[INFO] 23:20:54:591 Mongo1/(13133:13134): Creando hilo
[INFO] 23:29:34:121 Mongo1/(13315:13316): Servidor MongoStore iniciando
[INFO] 23:29:34:122 Mongo1/(13315:13316): Servidor MongoStore encendido
[INFO] 23:29:39:579 Mongo1/(13315:13316): Estableciendo conexión desde 29395
[INFO] 23:29:39:579 Mongo1/(13315:13316): Creando hilo
[INFO] 23:30:52:949 Mongo1/(13360:13361): Servidor MongoStore iniciando
[INFO] 23:30:52:949 Mongo1/(13360:13361): Servidor MongoStore encendido
[INFO] 23:30:57:779 Mongo1/(13360:13361): Estableciendo conexión desde 32979
[INFO] 23:30:57:781 Mongo1/(13360:13361): Creando hilo
[INFO] 23:46:41:233 Mongo1/(13797:13798): Servidor MongoStore iniciando
[INFO] 23:46:41:238 Mongo1/(13797:13798): Servidor MongoStore encendido
[INFO] 23:46:48:173 Mongo1/(13797:13798): Estableciendo conexión desde 40659
[INFO] 23:46:48:177 Mongo1/(13797:13798): Creando hilo
[INFO] 23:51:40:301 Mongo1/(13876:13877): Servidor MongoStore iniciando
[INFO] 23:51:40:301 Mongo1/(13876:13877): Servidor MongoStore encendido
[INFO] 23:51:47:307 Mongo1/(13876:13877): Estableciendo conexión desde 45779
[INFO] 23:51:47:308 Mongo1/(13876:13877): Creando hilo
[INFO] 22:38:02:895 Mongo1/(14967:14968): Servidor MongoStore iniciando
[INFO] 22:38:02:896 Mongo1/(14967:14968): Servidor MongoStore encendido
[INFO] 22:38:14:374 Mongo1/(14967:14968): Estableciendo conexión desde 6868
[INFO] 22:38:14:378 Mongo1/(14967:14968): Creando hilo
[INFO] 22:52:07:193 Mongo1/(15141:15142): Servidor MongoStore iniciando
[INFO] 22:52:07:194 Mongo1/(15141:15142): Servidor MongoStore encendido
[INFO] 22:52:20:378 Mongo1/(15141:15142): Estableciendo conexión desde 14036
[INFO] 22:52:20:380 Mongo1/(15141:15142): Creando hilo
[INFO] 22:54:16:566 Mongo1/(15200:15201): Servidor MongoStore iniciando
[INFO] 22:54:16:567 Mongo1/(15200:15201): Servidor MongoStore encendido
[INFO] 22:54:31:077 Mongo1/(15200:15201): Estableciendo conexión desde 18132
[INFO] 22:54:31:081 Mongo1/(15200:15201): Creando hilo
[INFO] 23:07:00:135 Mongo1/(15420:15421): Servidor MongoStore iniciando
[INFO] 23:07:00:136 Mongo1/(15420:15421): Servidor MongoStore encendido
[INFO] 23:07:11:018 Mongo1/(15420:15421): Estableciendo conexión desde 24788
[INFO] 23:07:11:024 Mongo1/(15420:15421): Creando hilo
[INFO] 23:53:46:636 Mongo1/(15824:15825): Servidor MongoStore iniciando
[INFO] 23:53:46:637 Mongo1/(15824:15825): Servidor MongoStore encendido
[INFO] 23:53:54:904 Mongo1/(15824:15825): Estableciendo conexión desde 41172
[INFO] 23:53:54:908 Mongo1/(15824:15825): Creando hilo
[INFO] 23:55:51:208 Mongo1/(15895:15896): Servidor MongoStore iniciando
[INFO] 23:55:51:209 Mongo1/(15895:15896): Servidor MongoStore encendido
[INFO] 23:55:57:036 Mongo1/(15895:15896): Estableciendo conexión desde 45268
[INFO] 23:55:57:039 Mongo1/(15895:15896): Creando hilo
[INFO] 23:56:45:406 Mongo1/(15952:15953): Servidor MongoStore iniciando
[INFO] 23:56:45:407 Mongo1/(15952:15953): Servidor MongoStore encendido
[INFO] 23:56:50:596 Mongo1/(15952:15953): Estableciendo conexión desde 48852
[INFO] 23:56:50:599 Mongo1/(15952:15953): Creando hilo
[INFO] 22:34:08:877 Mongo1/(17010:17011): Servidor MongoStore iniciando
[INFO] 22:34:08:878 Mongo1/(17010:17011): Servidor MongoStore encendido
[INFO] 22:34:17:145 Mongo1/(17010:17011): Estableciendo conexión desde 62676
[INFO] 22:34:17:147 Mongo1/(17010:17011): Creando hilo
[INFO] 22:35:23:262 Mongo1/(17071:17072): Servidor MongoStore iniciando
[INFO] 22:35:23:265 Mongo1/(17071:17072): Servidor MongoStore encendido
[INFO] 22:35:29:013 Mongo1/(17071:17072): Estableciendo conexión desde 213
[INFO] 22:35:29:017 Mongo1/(17071:17072): Creando hilo
[INFO] 22:38:43:945 Mongo1/(17152:17153): Servidor MongoStore iniciando
[INFO] 22:38:43:946 Mongo1/(17152:17153): Servidor MongoStore encendido
[INFO] 22:40:17:993 Mongo1/(17152:17153): Estableciendo conexión desde 7381
[INFO] 22:40:17:994 Mongo1/(17152:17153): Creando hilo
[INFO] 23:22:37:416 Mongo1/(17799:17800): Servidor MongoStore iniciando
[INFO] 23:22:37:423 Mongo1/(17799:17800): Servidor MongoStore encendido
[INFO] 23:23:44:114 Mongo1/(17799:17800): Estableciendo conexión desde 36565
[INFO] 23:23:44:114 Mongo1/(17799:17800): Creando hilo
[INFO] 23:25:47:779 Mongo1/(17917:17918): Servidor MongoStore iniciando
[INFO] 23:25:47:780 Mongo1/(17917:17918): Servidor MongoStore encendido
[INFO] 23:27:05:849 Mongo1/(17917:17918): Estableciendo conexión desde 40661
[INFO] 23:27:05:853 Mongo1/(17917:17918): Creando hilo
[INFO] 23:33:30:371 Mongo1/(18027:18028): Servidor MongoStore iniciando
[INFO] 23:33:30:371 Mongo1/(18027:18028): Servidor MongoStore encendido
[INFO] 23:34:24:780 Mongo1/(18027:18028): Estableciendo conexión desde 43733
[INFO] 23:34:24:780 Mongo1/(18027:18028): Creando hilo
[INFO] 23:37:04:466 Mongo1/(18146:18147): Servidor MongoStore iniciando
[INFO] 23:37:04:466 Mongo1/(18146:18147): Servidor MongoStore encendido
[INFO] 23:37:08:359 Mongo1/(18146:18147): Estableciendo conexión desde 45269
[INFO] 23:37:08:359 Mongo1/(18146:18147): Creando hilo
[INFO] 23:39:06:866 Mongo1/(18212:18213): Servidor MongoStore iniciando
[INFO] 23:39:06:866 Mongo1/(18212:18213): Servidor MongoStore encendido
[INFO] 23:39:11:038 Mongo1/(18212:18213): Estableciendo conexión desde 46805
[INFO] 23:39:11:039 Mongo1/(18212:18213): Creando hilo
[INFO] 23:42:20:385 Mongo1/(18266:18267): Servidor MongoStore iniciando
[INFO] 23:42:20:386 Mongo1/(18266:18267): Servidor MongoStore encendido
[INFO] 23:42:25:311 Mongo1/(18266:18267): Estableciendo conexión desde 48853
[INFO] 23:42:25:311 Mongo1/(18266:18267): Creando hilo
[INFO] 23:44:04:039 Mongo1/(18324:18325): Servidor MongoStore iniciando
[INFO] 23:44:04:039 Mongo1/(18324:18325): Servidor MongoStore encendido
[INFO] 23:46:29:700 Mongo1/(18324:18325): Estableciendo conexión desde 50901
[INFO] 23:46:29:701 Mongo1/(18324:18325): Creando hilo
[INFO] 23:48:07:922 Mongo1/(18445:18446): Servidor MongoStore iniciando
[INFO] 23:48:07:922 Mongo1/(18445:18446): Servidor MongoStore encendido
[INFO] 23:48:11:527 Mongo1/(18445:18446): Estableciendo conexión desde 52437
[INFO] 23:48:11:527 Mongo1/(18445:18446): Creando hilo
[INFO] 23:52:19:118 Mongo1/(18532:18533): Servidor MongoStore iniciando
[INFO] 23:52:19:118 Mongo1/(18532:18533): Servidor MongoStore encendido
[INFO] 23:52:22:887 Mongo1/(18532:18533): Estableciendo conexión desde 57045
[INFO] 23:52:22:887 Mongo1/(18532:18533): Creando hilo
[INFO] 23:53:49:607 Mongo1/(18586:18587): Servidor MongoStore iniciando
[INFO] 23:53:49:607 Mongo1/(18586:18587): Servidor MongoStore encendido
[INFO] 23:53:54:561 Mongo1/(18586:18587): Estableciendo conexión desde 61141
[INFO] 23:53:54:562 Mongo1/(18586:18587): Creando hilo
[INFO] 23:55:31:394 Mongo1/(18631:18632): Servidor MongoStore iniciando
[INFO] 23:55:31:394 Mongo1/(18631:18632): Servidor MongoStore encendido
[INFO] 23:56:14:237 Mongo1/(18631:18632): Estableciendo conexión desde 2262
[INFO] 23:56:14:238 Mongo1/(18631:18632): Creando hilo
[INFO] 23:58:38:296 Mongo1/(18679:18680): Servidor MongoStore iniciando
[INFO] 23:58:38:297 Mongo1/(18679:18680): Servidor MongoStore encendido
[INFO] 23:58:42:500 Mongo1/(18679:18680): Estableciendo conexión desde 6358
[INFO] 23:58:42:500 Mongo1/(18679:18680): Creando hilo
[INFO] 00:24:28:965 Mongo1/(19197:19198): Servidor MongoStore iniciando
[INFO] 00:24:28:966 Mongo1/(19197:19198): Servidor MongoStore encendido
[INFO] 00:27:53:509 Mongo1/(19197:19198): Estableciendo conexión desde 20182
[INFO] 00:27:53:511 Mongo1/(19197:19198): Creando hilo
[INFO] 00:28:51:534 Mongo1/(19433:19434): Servidor MongoStore iniciando
[INFO] 00:28:51:534 Mongo1/(19433:19434): Servidor MongoStore encendido
[INFO] 00:28:56:196 Mongo1/(19433:19434): Estableciendo conexión desde 21206
[INFO] 00:28:56:200 Mongo1/(19433:19434): Creando hilo
[INFO] 00:30:04:095 Mongo1/(19483:19484): Servidor MongoStore iniciando
[INFO] 00:30:04:095 Mongo1/(19483:19484): Servidor MongoStore encendido
[INFO] 00:30:11:642 Mongo1/(19483:19484): Estableciendo conexión desde 22742
[INFO] 00:30:11:644 Mongo1/(19483:19484): Creando hilo
[INFO] 00:31:04:591 Mongo1/(19530:19531): Servidor MongoStore iniciando
[INFO] 00:31:04:591 Mongo1/(19530:19531): Servidor MongoStore encendido
[INFO] 00:31:09:826 Mongo1/(19530:19531): Estableciendo conexión desde 23766
[INFO] 00:31:09:828 Mongo1/(19530:19531): Creando hilo
[INFO] 00:31:50:959 Mongo1/(19588:19589): Servidor MongoStore iniciando
[INFO] 00:31:50:959 Mongo1/(19588:19589): Servidor MongoStore encendido
[INFO] 00:31:55:216 Mongo1/(19588:19589): Estableciendo conexión desde 25302
[INFO] 00:31:55:217 Mongo1/(19588:19589): Creando hilo
[INFO] 00:32:24:960 Mongo1/(19620:19621): Servidor MongoStore iniciando
[INFO] 00:32:24:961 Mongo1/(19620:19621): Servidor MongoStore encendido
[INFO] 00:32:30:011 Mongo1/(19620:19621): Estableciendo conexión desde 26326
[INFO] 00:32:30:014 Mongo1/(19620:19621): Creando hilo
[INFO] 00:33:01:249 Mongo1/(19659:19660): Servidor MongoStore iniciando
[INFO] 00:33:01:249 Mongo1/(19659:19660): Servidor MongoStore encendido
[INFO] 00:33:04:661 Mongo1/(19659:19660): Estableciendo conexión desde 27350
[INFO] 00:33:04:661 Mongo1/(19659:19660): Creando hilo
[INFO] 00:33:59:821 Mongo1/(19708:19709): Servidor MongoStore iniciando
[INFO] 00:33:59:822 Mongo1/(19708:19709): Servidor MongoStore encendido
[INFO] 00:34:04:069 Mongo1/(19708:19709): Estableciendo conexión desde 28886
[INFO] 00:34:04:072 Mongo1/(19708:19709): Creando hilo
[INFO] 00:34:43:817 Mongo1/(19754:19755): Servidor MongoStore iniciando
[INFO] 00:34:43:817 Mongo1/(19754:19755): Servidor MongoStore encendido
[INFO] 00:34:48:923 Mongo1/(19754:19755): Estableciendo conexión desde 30422
[INFO] 00:34:48:923 Mongo1/(19754:19755): Creando hilo
[INFO] 00:36:43:992 Mongo1/(19823:19824): Servidor MongoStore iniciando
[INFO] 00:36:43:992 Mongo1/(19823:19824): Servidor MongoStore encendido
[INFO] 00:36:47:842 Mongo1/(19823:19824): Estableciendo conexión desde 32470
[INFO] 00:36:47:844 Mongo1/(19823:19824): Creando hilo
[INFO] 00:39:11:588 Mongo1/(19876:19877): Servidor MongoStore iniciando
[INFO] 00:39:11:589 Mongo1/(19876:19877): Servidor MongoStore encendido
[INFO] 00:39:19:921 Mongo1/(19876:19877): Estableciendo conexión desde 36566
[INFO] 00:39:19:925 Mongo1/(19876:19877): Creando hilo
[INFO] 00:45:31:263 Mongo1/(19981:19982): Servidor MongoStore iniciando
[INFO] 00:45:31:264 Mongo1/(19981:19982): Servidor MongoStore encendido
[INFO] 00:45:36:192 Mongo1/(19981:19982): Estableciendo conexión desde 42198
[INFO] 00:45:36:195 Mongo1/(19981:19982): Creando hilo
[INFO] 00:47:20:703 Mongo1/(20045:20046): Servidor MongoStore iniciando
[INFO] 00:47:20:703 Mongo1/(20045:20046): Servidor MongoStore encendido
[INFO] 00:47:25:396 Mongo1/(20045:20046): Estableciendo conexión desde 45782
[INFO] 00:47:25:401 Mongo1/(20045:20046): Creando hilo
[INFO] 22:02:03:470 Mongo1/(20428:20429): Servidor MongoStore iniciando
[INFO] 22:02:03:482 Mongo1/(20428:20429): Servidor MongoStore encendido
[INFO] 22:02:17:250 Mongo1/(20428:20429): Estableciendo conexión desde 53974
[INFO] 22:02:17:250 Mongo1/(20428:20429): Creando hilo
[INFO] 22:11:37:073 Mongo1/(20673:20674): Servidor MongoStore iniciando
[INFO] 22:11:37:073 Mongo1/(20673:20674): Servidor MongoStore encendido
[INFO] 22:11:52:010 Mongo1/(20673:20674): Estableciendo conexión desde 60118
[INFO] 22:11:52:011 Mongo1/(20673:20674): Creando hilo
[INFO] 22:18:24:432 Mongo1/(20803:20804): Servidor MongoStore iniciando
[INFO] 22:18:24:433 Mongo1/(20803:20804): Servidor MongoStore encendido
[INFO] 22:18:35:987 Mongo1/(20803:20804): Estableciendo conexión desde 215
[INFO] 22:18:35:989 Mongo1/(20803:20804): Creando hilo
[INFO] 22:29:47:912 Mongo1/(20991:20992): Servidor MongoStore iniciando
[INFO] 22:29:47:915 Mongo1/(20991:20992): Servidor MongoStore encendido
[INFO] 22:31:01:930 Mongo1/(20991:20992): Estableciendo conexión desde 9431
[INFO] 22:31:01:933 Mongo1/(20991:20992): Creando hilo
[INFO] 22:49:15:464 Mongo1/(21213:21214): Servidor MongoStore iniciando
[INFO] 22:49:15:467 Mongo1/(21213:21214): Servidor MongoStore encendido
[INFO] 22:49:31:505 Mongo1/(21213:21214): Estableciendo conexión desde 17623
[INFO] 22:49:31:507 Mongo1/(21213:21214): Creando hilo
[INFO] 22:54:39:375 Mongo1/(21296:21297): Servidor MongoStore iniciando
[INFO] 22:54:39:379 Mongo1/(21296:21297): Servidor MongoStore encendido
[INFO] 22:54:45:443 Mongo1/(21296:21297): Estableciendo conexión desde 22743
[INFO] 22:54:45:444 Mongo1/(21296:21297): Creando hilo
[INFO] 22:56:24:622 Mongo1/(21344:21345): Servidor MongoStore iniciando
[INFO] 22:56:24:624 Mongo1/(21344:21345): Servidor MongoStore encendido
[INFO] 22:56:30:774 Mongo1/(21344:21345): Estableciendo conexión desde 26839
[INFO] 22:56:30:775 Mongo1/(21344:21345): Creando hilo
[INFO] 23:00:00:061 Mongo1/(21422:21423): Servidor MongoStore iniciando
[INFO] 23:00:00:065 Mongo1/(21422:21423): Servidor MongoStore encendido
[INFO] 23:00:05:293 Mongo1/(21422:21423): Estableciendo conexión desde 31447
[INFO] 23:00:05:295 Mongo1/(21422:21423): Creando hilo
[INFO] 23:03:23:390 Mongo1/(21486:21487): Servidor MongoStore iniciando
[INFO] 23:03:23:392 Mongo1/(21486:21487): Servidor MongoStore encendido
[INFO] 23:03:28:955 Mongo1/(21486:21487): Estableciendo conexión desde 35543
[INFO] 23:03:28:958 Mongo1/(21486:21487): Creando hilo
[INFO] 23:06:31:695 Mongo1/(21535:21536): Servidor MongoStore iniciando
[INFO] 23:06:31:696 Mongo1/(21535:21536): Servidor MongoStore encendido
[INFO] 23:06:37:348 Mongo1/(21535:21536): Estableciendo conexión desde 40151
[INFO] 23:06:37:350 Mongo1/(21535:21536): Creando hilo
[INFO] 23:07:32:180 Mongo1/(21567:21568): Servidor MongoStore iniciando
[INFO] 23:07:32:182 Mongo1/(21567:21568): Servidor MongoStore encendido
[INFO] 23:07:37:678 Mongo1/(21567:21568): Estableciendo conexión desde 41687
[INFO] 23:07:37:680 Mongo1/(21567:21568): Creando hilo
[INFO] 23:11:12:947 Mongo1/(21636:21637): Servidor MongoStore iniciando
[INFO] 23:11:12:948 Mongo1/(21636:21637): Servidor MongoStore encendido
[INFO] 23:11:18:954 Mongo1/(21636:21637): Estableciendo conexión desde 45783
[INFO] 23:11:18:955 Mongo1/(21636:21637): Creando hilo
[INFO] 23:23:33:553 Mongo1/(21804:21805): Servidor MongoStore iniciando
[INFO] 23:23:33:554 Mongo1/(21804:21805): Servidor MongoStore encendido
[INFO] 23:23:39:665 Mongo1/(21804:21805): Estableciendo conexión desde 53463
[INFO] 23:23:39:667 Mongo1/(21804:21805): Creando hilo
[INFO] 23:26:58:199 Mongo1/(21858:21859): Servidor MongoStore iniciando
[INFO] 23:26:58:200 Mongo1/(21858:21859): Servidor MongoStore encendido
[INFO] 23:27:03:756 Mongo1/(21858:21859): Estableciendo conexión desde 57559
[INFO] 23:27:03:757 Mongo1/(21858:21859): Creando hilo
[INFO] 23:34:56:065 Mongo1/(21928:21929): Servidor MongoStore iniciando
[INFO] 23:34:56:066 Mongo1/(21928:21929): Servidor MongoStore encendido
[INFO] 23:35:02:119 Mongo1/(21928:21929): Estableciendo conexión desde 63191
[INFO] 23:35:02:120 Mongo1/(21928:21929): Creando hilo
[INFO] 23:42:02:673 Mongo1/(22013:22014): Servidor MongoStore iniciando
[INFO] 23:42:02:674 Mongo1/(22013:22014): Servidor MongoStore encendido
[INFO] 23:42:08:367 Mongo1/(22013:22014): Estableciendo conexión desde 3288
[INFO] 23:42:08:369 Mongo1/(22013:22014): Creando hilo
[INFO] 17:10:10:275 Mongo1/(1268:1273): Servidor MongoStore iniciando
[INFO] 17:13:18:811 Mongo1/(1304:1311): Servidor MongoStore iniciando
[INFO] 10:49:43:855 Mongo1/(30767:30768): Servidor MongoStore iniciando
